
> kollab-koncepts-reportes-backend@1.0.0 start
> node src/server.js

[2026-05-21 03:40:21.654 -0600] [32mINFO[39m (31936): [36mServidor HTTP iniciado[39m
    [35mport[39m: 4000
    [35menv[39m: "development"
[2026-05-21 03:40:21.674 -0600] [32mINFO[39m (31936): [36mCron jobs iniciados[39m
    [35mcount[39m: 3
[2026-05-21 03:40:44.933 -0600] [32mINFO[39m (31936): [36mrequest completed[39m
    [35mreq[39m: {
      "id": 1,
      "method": "GET",
      "url": "/api/health",
      "remoteAddress": "::1",
      "remotePort": 60964
    }
    [35mres[39m: {
      "statusCode": 401,
      "headers": {
        "content-security-policy": "default-src 'self';base-uri 'self';font-src 'self' https: data:;form-action 'self';frame-ancestors 'self';img-src 'self' data:;object-src 'none';script-src 'self';script-src-attr 'none';style-src 'self' https: 'unsafe-inline';upgrade-insecure-requests",
        "cross-origin-opener-policy": "same-origin",
        "cross-origin-resource-policy": "same-origin",
        "origin-agent-cluster": "?1",
        "referrer-policy": "no-referrer",
        "strict-transport-security": "max-age=31536000; includeSubDomains",
        "x-content-type-options": "nosniff",
        "x-dns-prefetch-control": "off",
        "x-download-options": "noopen",
        "x-frame-options": "SAMEORIGIN",
        "x-permitted-cross-domain-policies": "none",
        "x-xss-protection": "0",
        "vary": "Origin, Accept-Encoding",
        "access-control-allow-credentials": "true",
        "ratelimit-policy": "300;w=900",
        "ratelimit": "limit=300, remaining=299, reset=900",
        "content-type": "application/json; charset=utf-8",
        "content-length": "74",
        "etag": "W/\"4a-gWal5Nd9K1zbjSwRcP8BDvHZA24\""
      }
    }
    [35mresponseTime[39m: 9
[2026-05-21 03:40:45.035 -0600] [31mERROR[39m (31936): [36mPrisma error[39m
    [35mevent[39m: {
      "message": "\nInvalid `prisma.user.findUnique()` invocation in\nC:\Users\jose1\Documents\GitHub\KOLLAB KONCEPT VCOMPLETA\src\repositories\auth.repository.js:32:24\n\n  29 \n  30 const authRepository = {\n  31   findByEmail(email) {\n→ 32     return prisma.user.findUnique(\nAuthentication failed against database server at `localhost`, the provided database credentials for `(not available)` are not valid.\n\nPlease make sure to provide valid database credentials for the database server at `localhost`.",
      "target": "user.findUnique",
      "timestamp": "2026-05-21T09:40:45.035Z"
    }
[2026-05-21 03:40:45.035 -0600] [31mERROR[39m (31936): [36mError no controlado[39m
    [35mpath[39m: "/api/auth/login"
    error: {
      "name": "PrismaClientInitializationError",
      "clientVersion": "5.22.0"
    }
[2026-05-21 03:40:45.036 -0600] [32mINFO[39m (31936): [36mrequest errored[39m
    [35mreq[39m: {
      "id": 2,
      "method": "POST",
      "url": "/api/auth/login",
      "remoteAddress": "::1",
      "remotePort": 60964
    }
    [35mres[39m: {
      "statusCode": 500,
      "headers": {
        "content-security-policy": "default-src 'self';base-uri 'self';font-src 'self' https: data:;form-action 'self';frame-ancestors 'self';img-src 'self' data:;object-src 'none';script-src 'self';script-src-attr 'none';style-src 'self' https: 'unsafe-inline';upgrade-insecure-requests",
        "cross-origin-opener-policy": "same-origin",
        "cross-origin-resource-policy": "same-origin",
        "origin-agent-cluster": "?1",
        "referrer-policy": "no-referrer",
        "strict-transport-security": "max-age=31536000; includeSubDomains",
        "x-content-type-options": "nosniff",
        "x-dns-prefetch-control": "off",
        "x-download-options": "noopen",
        "x-frame-options": "SAMEORIGIN",
        "x-permitted-cross-domain-policies": "none",
        "x-xss-protection": "0",
        "vary": "Origin, Accept-Encoding",
        "access-control-allow-credentials": "true",
        "ratelimit-policy": "20;w=900",
        "ratelimit": "limit=20, remaining=19, reset=900",
        "content-type": "application/json; charset=utf-8",
        "content-length": "68",
        "etag": "W/\"44-vqrCvuNTqL306+M4Is+Zr0MlkfA\""
      }
    }
    [35mresponseTime[39m: 82
    err: {
      "type": "Error",
      "message": "failed with status code 500",
      "stack":
          Error: failed with status code 500
              at onResFinished (C:\Users\jose1\Documents\GitHub\KOLLAB KONCEPT VCOMPLETA\node_modules\pino-http\logger.js:115:39)
              at ServerResponse.onResponseComplete (C:\Users\jose1\Documents\GitHub\KOLLAB KONCEPT VCOMPLETA\node_modules\pino-http\logger.js:178:14)
              at ServerResponse.emit (node:events:520:35)
              at onFinish (node:_http_outgoing:1026:10)
              at callback (node:internal/streams/writable:764:21)
              at afterWrite (node:internal/streams/writable:708:5)
              at afterWriteTick (node:internal/streams/writable:694:10)
              at process.processTicksAndRejections (node:internal/process/task_queues:88:21)
    }
[2026-05-21 03:45:00.976 -0600] [32mINFO[39m (31936): [36mIniciando job de verificacion SLA[39m
[2026-05-21 03:45:01.035 -0600] [31mERROR[39m (31936): [36mPrisma error[39m
    [35mevent[39m: {
      "message": "\nInvalid `prisma.ticket.findMany()` invocation in\nC:\Users\jose1\Documents\GitHub\KOLLAB KONCEPT VCOMPLETA\src\repositories\ticket.repository.js:190:26\n\n  187 },\n  188 \n  189 findSlaBreachedCandidates(now) {\n→ 190   return prisma.ticket.findMany(\nAuthentication failed against database server at `localhost`, the provided database credentials for `(not available)` are not valid.\n\nPlease make sure to provide valid database credentials for the database server at `localhost`.",
      "target": "ticket.findMany",
      "timestamp": "2026-05-21T09:45:01.035Z"
    }
[2026-05-21 03:45:01.035 -0600] [31mERROR[39m (31936): [36mError en job de verificacion SLA[39m
    error: {
      "name": "PrismaClientInitializationError",
      "clientVersion": "5.22.0"
    }
[2026-05-21 03:45:38.207 -0600] [32mINFO[39m (31936): [36mrequest completed[39m
    [35mreq[39m: {
      "id": 3,
      "method": "GET",
      "url": "/api/auth/me",
      "remoteAddress": "::1",
      "remotePort": 64472
    }
    [35mres[39m: {
      "statusCode": 401,
      "headers": {
        "content-security-policy": "default-src 'self';base-uri 'self';font-src 'self' https: data:;form-action 'self';frame-ancestors 'self';img-src 'self' data:;object-src 'none';script-src 'self';script-src-attr 'none';style-src 'self' https: 'unsafe-inline';upgrade-insecure-requests",
        "cross-origin-opener-policy": "same-origin",
        "cross-origin-resource-policy": "same-origin",
        "origin-agent-cluster": "?1",
        "referrer-policy": "no-referrer",
        "strict-transport-security": "max-age=31536000; includeSubDomains",
        "x-content-type-options": "nosniff",
        "x-dns-prefetch-control": "off",
        "x-download-options": "noopen",
        "x-frame-options": "SAMEORIGIN",
        "x-permitted-cross-domain-policies": "none",
        "x-xss-protection": "0",
        "access-control-allow-origin": "http://localhost:5173",
        "vary": "Origin, Accept-Encoding",
        "access-control-allow-credentials": "true",
        "ratelimit-policy": "20;w=900",
        "ratelimit": "limit=20, remaining=18, reset=607",
        "content-type": "application/json; charset=utf-8",
        "content-length": "74",
        "etag": "W/\"4a-gWal5Nd9K1zbjSwRcP8BDvHZA24\""
      }
    }
    [35mresponseTime[39m: 1
[2026-05-21 03:45:38.209 -0600] [32mINFO[39m (31936): [36mrequest completed[39m
    [35mreq[39m: {
      "id": 4,
      "method": "GET",
      "url": "/api/auth/me",
      "remoteAddress": "::1",
      "remotePort": 64472
    }
    [35mres[39m: {
      "statusCode": 401,
      "headers": {
        "content-security-policy": "default-src 'self';base-uri 'self';font-src 'self' https: data:;form-action 'self';frame-ancestors 'self';img-src 'self' data:;object-src 'none';script-src 'self';script-src-attr 'none';style-src 'self' https: 'unsafe-inline';upgrade-insecure-requests",
        "cross-origin-opener-policy": "same-origin",
        "cross-origin-resource-policy": "same-origin",
        "origin-agent-cluster": "?1",
        "referrer-policy": "no-referrer",
        "strict-transport-security": "max-age=31536000; includeSubDomains",
        "x-content-type-options": "nosniff",
        "x-dns-prefetch-control": "off",
        "x-download-options": "noopen",
        "x-frame-options": "SAMEORIGIN",
        "x-permitted-cross-domain-policies": "none",
        "x-xss-protection": "0",
        "access-control-allow-origin": "http://localhost:5173",
        "vary": "Origin, Accept-Encoding",
        "access-control-allow-credentials": "true",
        "ratelimit-policy": "20;w=900",
        "ratelimit": "limit=20, remaining=17, reset=607",
        "content-type": "application/json; charset=utf-8",
        "content-length": "74",
        "etag": "W/\"4a-gWal5Nd9K1zbjSwRcP8BDvHZA24\""
      }
    }
    [35mresponseTime[39m: 1
[2026-05-21 03:45:59.446 -0600] [32mINFO[39m (31936): [36mrequest completed[39m
    [35mreq[39m: {
      "id": 5,
      "method": "OPTIONS",
      "url": "/api/auth/login",
      "remoteAddress": "::1",
      "remotePort": 53156
    }
    [35mres[39m: {
      "statusCode": 204,
      "headers": {
        "content-security-policy": "default-src 'self';base-uri 'self';font-src 'self' https: data:;form-action 'self';frame-ancestors 'self';img-src 'self' data:;object-src 'none';script-src 'self';script-src-attr 'none';style-src 'self' https: 'unsafe-inline';upgrade-insecure-requests",
        "cross-origin-opener-policy": "same-origin",
        "cross-origin-resource-policy": "same-origin",
        "origin-agent-cluster": "?1",
        "referrer-policy": "no-referrer",
        "strict-transport-security": "max-age=31536000; includeSubDomains",
        "x-content-type-options": "nosniff",
        "x-dns-prefetch-control": "off",
        "x-download-options": "noopen",
        "x-frame-options": "SAMEORIGIN",
        "x-permitted-cross-domain-policies": "none",
        "x-xss-protection": "0",
        "access-control-allow-origin": "http://localhost:5173",
        "vary": "Origin, Access-Control-Request-Headers",
        "access-control-allow-credentials": "true",
        "access-control-allow-methods": "GET,HEAD,PUT,PATCH,POST,DELETE",
        "access-control-allow-headers": "content-type",
        "content-length": "0"
      }
    }
    [35mresponseTime[39m: 0
[2026-05-21 03:45:59.625 -0600] [31mERROR[39m (31936): [36mPrisma error[39m
    [35mevent[39m: {
      "message": "\nInvalid `prisma.user.findUnique()` invocation in\nC:\Users\jose1\Documents\GitHub\KOLLAB KONCEPT VCOMPLETA\src\repositories\auth.repository.js:32:24\n\n  29 \n  30 const authRepository = {\n  31   findByEmail(email) {\n→ 32     return prisma.user.findUnique(\nAuthentication failed against database server at `localhost`, the provided database credentials for `(not available)` are not valid.\n\nPlease make sure to provide valid database credentials for the database server at `localhost`.",
      "target": "user.findUnique",
      "timestamp": "2026-05-21T09:45:59.625Z"
    }
[2026-05-21 03:45:59.625 -0600] [31mERROR[39m (31936): [36mError no controlado[39m
    [35mpath[39m: "/api/auth/login"
    error: {
      "name": "PrismaClientInitializationError",
      "clientVersion": "5.22.0"
    }
[2026-05-21 03:45:59.625 -0600] [32mINFO[39m (31936): [36mrequest errored[39m
    [35mreq[39m: {
      "id": 6,
      "method": "POST",
      "url": "/api/auth/login",
      "remoteAddress": "::1",
      "remotePort": 61299
    }
    [35mres[39m: {
      "statusCode": 500,
      "headers": {
        "content-security-policy": "default-src 'self';base-uri 'self';font-src 'self' https: data:;form-action 'self';frame-ancestors 'self';img-src 'self' data:;object-src 'none';script-src 'self';script-src-attr 'none';style-src 'self' https: 'unsafe-inline';upgrade-insecure-requests",
        "cross-origin-opener-policy": "same-origin",
        "cross-origin-resource-policy": "same-origin",
        "origin-agent-cluster": "?1",
        "referrer-policy": "no-referrer",
        "strict-transport-security": "max-age=31536000; includeSubDomains",
        "x-content-type-options": "nosniff",
        "x-dns-prefetch-control": "off",
        "x-download-options": "noopen",
        "x-frame-options": "SAMEORIGIN",
        "x-permitted-cross-domain-policies": "none",
        "x-xss-protection": "0",
        "access-control-allow-origin": "http://localhost:5173",
        "vary": "Origin, Accept-Encoding",
        "access-control-allow-credentials": "true",
        "ratelimit-policy": "20;w=900",
        "ratelimit": "limit=20, remaining=16, reset=586",
        "content-type": "application/json; charset=utf-8",
        "content-length": "68",
        "etag": "W/\"44-vqrCvuNTqL306+M4Is+Zr0MlkfA\""
      }
    }
    [35mresponseTime[39m: 177
    err: {
      "type": "Error",
      "message": "failed with status code 500",
      "stack":
          Error: failed with status code 500
              at onResFinished (C:\Users\jose1\Documents\GitHub\KOLLAB KONCEPT VCOMPLETA\node_modules\pino-http\logger.js:115:39)
              at ServerResponse.onResponseComplete (C:\Users\jose1\Documents\GitHub\KOLLAB KONCEPT VCOMPLETA\node_modules\pino-http\logger.js:178:14)
              at ServerResponse.emit (node:events:520:35)
              at onFinish (node:_http_outgoing:1026:10)
              at callback (node:internal/streams/writable:764:21)
              at afterWrite (node:internal/streams/writable:708:5)
              at afterWriteTick (node:internal/streams/writable:694:10)
              at process.processTicksAndRejections (node:internal/process/task_queues:88:21)
    }
[2026-05-21 03:46:20.967 -0600] [32mINFO[39m (31936): [36mrequest completed[39m
    [35mreq[39m: {
      "id": 7,
      "method": "GET",
      "url": "/api/auth/me",
      "remoteAddress": "::1",
      "remotePort": 50444
    }
    [35mres[39m: {
      "statusCode": 401,
      "headers": {
        "content-security-policy": "default-src 'self';base-uri 'self';font-src 'self' https: data:;form-action 'self';frame-ancestors 'self';img-src 'self' data:;object-src 'none';script-src 'self';script-src-attr 'none';style-src 'self' https: 'unsafe-inline';upgrade-insecure-requests",
        "cross-origin-opener-policy": "same-origin",
        "cross-origin-resource-policy": "same-origin",
        "origin-agent-cluster": "?1",
        "referrer-policy": "no-referrer",
        "strict-transport-security": "max-age=31536000; includeSubDomains",
        "x-content-type-options": "nosniff",
        "x-dns-prefetch-control": "off",
        "x-download-options": "noopen",
        "x-frame-options": "SAMEORIGIN",
        "x-permitted-cross-domain-policies": "none",
        "x-xss-protection": "0",
        "access-control-allow-origin": "http://localhost:5173",
        "vary": "Origin, Accept-Encoding",
        "access-control-allow-credentials": "true",
        "ratelimit-policy": "20;w=900",
        "ratelimit": "limit=20, remaining=15, reset=564",
        "content-type": "application/json; charset=utf-8",
        "content-length": "74",
        "etag": "W/\"4a-gWal5Nd9K1zbjSwRcP8BDvHZA24\""
      }
    }
    [35mresponseTime[39m: 2
[2026-05-21 03:46:20.968 -0600] [32mINFO[39m (31936): [36mrequest completed[39m
    [35mreq[39m: {
      "id": 8,
      "method": "GET",
      "url": "/api/auth/me",
      "remoteAddress": "::1",
      "remotePort": 55075
    }
    [35mres[39m: {
      "statusCode": 401,
      "headers": {
        "content-security-policy": "default-src 'self';base-uri 'self';font-src 'self' https: data:;form-action 'self';frame-ancestors 'self';img-src 'self' data:;object-src 'none';script-src 'self';script-src-attr 'none';style-src 'self' https: 'unsafe-inline';upgrade-insecure-requests",
        "cross-origin-opener-policy": "same-origin",
        "cross-origin-resource-policy": "same-origin",
        "origin-agent-cluster": "?1",
        "referrer-policy": "no-referrer",
        "strict-transport-security": "max-age=31536000; includeSubDomains",
        "x-content-type-options": "nosniff",
        "x-dns-prefetch-control": "off",
        "x-download-options": "noopen",
        "x-frame-options": "SAMEORIGIN",
        "x-permitted-cross-domain-policies": "none",
        "x-xss-protection": "0",
        "access-control-allow-origin": "http://localhost:5173",
        "vary": "Origin, Accept-Encoding",
        "access-control-allow-credentials": "true",
        "ratelimit-policy": "20;w=900",
        "ratelimit": "limit=20, remaining=14, reset=564",
        "content-type": "application/json; charset=utf-8",
        "content-length": "74",
        "etag": "W/\"4a-gWal5Nd9K1zbjSwRcP8BDvHZA24\""
      }
    }
    [35mresponseTime[39m: 1
[2026-05-21 03:46:22.189 -0600] [32mINFO[39m (31936): [36mrequest completed[39m
    [35mreq[39m: {
      "id": 9,
      "method": "GET",
      "url": "/api/auth/me",
      "remoteAddress": "::1",
      "remotePort": 55075
    }
    [35mres[39m: {
      "statusCode": 401,
      "headers": {
        "content-security-policy": "default-src 'self';base-uri 'self';font-src 'self' https: data:;form-action 'self';frame-ancestors 'self';img-src 'self' data:;object-src 'none';script-src 'self';script-src-attr 'none';style-src 'self' https: 'unsafe-inline';upgrade-insecure-requests",
        "cross-origin-opener-policy": "same-origin",
        "cross-origin-resource-policy": "same-origin",
        "origin-agent-cluster": "?1",
        "referrer-policy": "no-referrer",
        "strict-transport-security": "max-age=31536000; includeSubDomains",
        "x-content-type-options": "nosniff",
        "x-dns-prefetch-control": "off",
        "x-download-options": "noopen",
        "x-frame-options": "SAMEORIGIN",
        "x-permitted-cross-domain-policies": "none",
        "x-xss-protection": "0",
        "access-control-allow-origin": "http://localhost:5173",
        "vary": "Origin, Accept-Encoding",
        "access-control-allow-credentials": "true",
        "ratelimit-policy": "20;w=900",
        "ratelimit": "limit=20, remaining=13, reset=563",
        "content-type": "application/json; charset=utf-8",
        "content-length": "74",
        "etag": "W/\"4a-gWal5Nd9K1zbjSwRcP8BDvHZA24\""
      }
    }
    [35mresponseTime[39m: 1
[2026-05-21 03:46:22.191 -0600] [32mINFO[39m (31936): [36mrequest completed[39m
    [35mreq[39m: {
      "id": 10,
      "method": "GET",
      "url": "/api/auth/me",
      "remoteAddress": "::1",
      "remotePort": 50444
    }
    [35mres[39m: {
      "statusCode": 401,
      "headers": {
        "content-security-policy": "default-src 'self';base-uri 'self';font-src 'self' https: data:;form-action 'self';frame-ancestors 'self';img-src 'self' data:;object-src 'none';script-src 'self';script-src-attr 'none';style-src 'self' https: 'unsafe-inline';upgrade-insecure-requests",
        "cross-origin-opener-policy": "same-origin",
        "cross-origin-resource-policy": "same-origin",
        "origin-agent-cluster": "?1",
        "referrer-policy": "no-referrer",
        "strict-transport-security": "max-age=31536000; includeSubDomains",
        "x-content-type-options": "nosniff",
        "x-dns-prefetch-control": "off",
        "x-download-options": "noopen",
        "x-frame-options": "SAMEORIGIN",
        "x-permitted-cross-domain-policies": "none",
        "x-xss-protection": "0",
        "access-control-allow-origin": "http://localhost:5173",
        "vary": "Origin, Accept-Encoding",
        "access-control-allow-credentials": "true",
        "ratelimit-policy": "20;w=900",
        "ratelimit": "limit=20, remaining=12, reset=563",
        "content-type": "application/json; charset=utf-8",
        "content-length": "74",
        "etag": "W/\"4a-gWal5Nd9K1zbjSwRcP8BDvHZA24\""
      }
    }
    [35mresponseTime[39m: 1
[2026-05-21 03:46:22.640 -0600] [32mINFO[39m (31936): [36mrequest completed[39m
    [35mreq[39m: {
      "id": 11,
      "method": "GET",
      "url": "/api/auth/me",
      "remoteAddress": "::1",
      "remotePort": 50444
    }
    [35mres[39m: {
      "statusCode": 401,
      "headers": {
        "content-security-policy": "default-src 'self';base-uri 'self';font-src 'self' https: data:;form-action 'self';frame-ancestors 'self';img-src 'self' data:;object-src 'none';script-src 'self';script-src-attr 'none';style-src 'self' https: 'unsafe-inline';upgrade-insecure-requests",
        "cross-origin-opener-policy": "same-origin",
        "cross-origin-resource-policy": "same-origin",
        "origin-agent-cluster": "?1",
        "referrer-policy": "no-referrer",
        "strict-transport-security": "max-age=31536000; includeSubDomains",
        "x-content-type-options": "nosniff",
        "x-dns-prefetch-control": "off",
        "x-download-options": "noopen",
        "x-frame-options": "SAMEORIGIN",
        "x-permitted-cross-domain-policies": "none",
        "x-xss-protection": "0",
        "access-control-allow-origin": "http://localhost:5173",
        "vary": "Origin, Accept-Encoding",
        "access-control-allow-credentials": "true",
        "ratelimit-policy": "20;w=900",
        "ratelimit": "limit=20, remaining=11, reset=563",
        "content-type": "application/json; charset=utf-8",
        "content-length": "74",
        "etag": "W/\"4a-gWal5Nd9K1zbjSwRcP8BDvHZA24\""
      }
    }
    [35mresponseTime[39m: 0
[2026-05-21 03:46:22.641 -0600] [32mINFO[39m (31936): [36mrequest completed[39m
    [35mreq[39m: {
      "id": 12,
      "method": "GET",
      "url": "/api/auth/me",
      "remoteAddress": "::1",
      "remotePort": 55075
    }
    [35mres[39m: {
      "statusCode": 401,
      "headers": {
        "content-security-policy": "default-src 'self';base-uri 'self';font-src 'self' https: data:;form-action 'self';frame-ancestors 'self';img-src 'self' data:;object-src 'none';script-src 'self';script-src-attr 'none';style-src 'self' https: 'unsafe-inline';upgrade-insecure-requests",
        "cross-origin-opener-policy": "same-origin",
        "cross-origin-resource-policy": "same-origin",
        "origin-agent-cluster": "?1",
        "referrer-policy": "no-referrer",
        "strict-transport-security": "max-age=31536000; includeSubDomains",
        "x-content-type-options": "nosniff",
        "x-dns-prefetch-control": "off",
        "x-download-options": "noopen",
        "x-frame-options": "SAMEORIGIN",
        "x-permitted-cross-domain-policies": "none",
        "x-xss-protection": "0",
        "access-control-allow-origin": "http://localhost:5173",
        "vary": "Origin, Accept-Encoding",
        "access-control-allow-credentials": "true",
        "ratelimit-policy": "20;w=900",
        "ratelimit": "limit=20, remaining=10, reset=563",
        "content-type": "application/json; charset=utf-8",
        "content-length": "74",
        "etag": "W/\"4a-gWal5Nd9K1zbjSwRcP8BDvHZA24\""
      }
    }
    [35mresponseTime[39m: 0
[2026-05-21 03:46:37.072 -0600] [32mINFO[39m (31936): [36mrequest completed[39m
    [35mreq[39m: {
      "id": 13,
      "method": "OPTIONS",
      "url": "/api/auth/login",
      "remoteAddress": "::1",
      "remotePort": 61378
    }
    [35mres[39m: {
      "statusCode": 204,
      "headers": {
        "content-security-policy": "default-src 'self';base-uri 'self';font-src 'self' https: data:;form-action 'self';frame-ancestors 'self';img-src 'self' data:;object-src 'none';script-src 'self';script-src-attr 'none';style-src 'self' https: 'unsafe-inline';upgrade-insecure-requests",
        "cross-origin-opener-policy": "same-origin",
        "cross-origin-resource-policy": "same-origin",
        "origin-agent-cluster": "?1",
        "referrer-policy": "no-referrer",
        "strict-transport-security": "max-age=31536000; includeSubDomains",
        "x-content-type-options": "nosniff",
        "x-dns-prefetch-control": "off",
        "x-download-options": "noopen",
        "x-frame-options": "SAMEORIGIN",
        "x-permitted-cross-domain-policies": "none",
        "x-xss-protection": "0",
        "access-control-allow-origin": "http://localhost:5173",
        "vary": "Origin, Access-Control-Request-Headers",
        "access-control-allow-credentials": "true",
        "access-control-allow-methods": "GET,HEAD,PUT,PATCH,POST,DELETE",
        "access-control-allow-headers": "content-type",
        "content-length": "0"
      }
    }
    [35mresponseTime[39m: 1
[2026-05-21 03:46:37.132 -0600] [31mERROR[39m (31936): [36mPrisma error[39m
    [35mevent[39m: {
      "message": "\nInvalid `prisma.user.findUnique()` invocation in\nC:\Users\jose1\Documents\GitHub\KOLLAB KONCEPT VCOMPLETA\src\repositories\auth.repository.js:32:24\n\n  29 \n  30 const authRepository = {\n  31   findByEmail(email) {\n→ 32     return prisma.user.findUnique(\nAuthentication failed against database server at `localhost`, the provided database credentials for `(not available)` are not valid.\n\nPlease make sure to provide valid database credentials for the database server at `localhost`.",
      "target": "user.findUnique",
      "timestamp": "2026-05-21T09:46:37.132Z"
    }
[2026-05-21 03:46:37.132 -0600] [31mERROR[39m (31936): [36mError no controlado[39m
    [35mpath[39m: "/api/auth/login"
    error: {
      "name": "PrismaClientInitializationError",
      "clientVersion": "5.22.0"
    }
[2026-05-21 03:46:37.133 -0600] [32mINFO[39m (31936): [36mrequest errored[39m
    [35mreq[39m: {
      "id": 14,
      "method": "POST",
      "url": "/api/auth/login",
      "remoteAddress": "::1",
      "remotePort": 49157
    }
    [35mres[39m: {
      "statusCode": 500,
      "headers": {
        "content-security-policy": "default-src 'self';base-uri 'self';font-src 'self' https: data:;form-action 'self';frame-ancestors 'self';img-src 'self' data:;object-src 'none';script-src 'self';script-src-attr 'none';style-src 'self' https: 'unsafe-inline';upgrade-insecure-requests",
        "cross-origin-opener-policy": "same-origin",
        "cross-origin-resource-policy": "same-origin",
        "origin-agent-cluster": "?1",
        "referrer-policy": "no-referrer",
        "strict-transport-security": "max-age=31536000; includeSubDomains",
        "x-content-type-options": "nosniff",
        "x-dns-prefetch-control": "off",
        "x-download-options": "noopen",
        "x-frame-options": "SAMEORIGIN",
        "x-permitted-cross-domain-policies": "none",
        "x-xss-protection": "0",
        "access-control-allow-origin": "http://localhost:5173",
        "vary": "Origin, Accept-Encoding",
        "access-control-allow-credentials": "true",
        "ratelimit-policy": "20;w=900",
        "ratelimit": "limit=20, remaining=9, reset=548",
        "content-type": "application/json; charset=utf-8",
        "content-length": "68",
        "etag": "W/\"44-vqrCvuNTqL306+M4Is+Zr0MlkfA\""
      }
    }
    [35mresponseTime[39m: 59
    err: {
      "type": "Error",
      "message": "failed with status code 500",
      "stack":
          Error: failed with status code 500
              at onResFinished (C:\Users\jose1\Documents\GitHub\KOLLAB KONCEPT VCOMPLETA\node_modules\pino-http\logger.js:115:39)
              at ServerResponse.onResponseComplete (C:\Users\jose1\Documents\GitHub\KOLLAB KONCEPT VCOMPLETA\node_modules\pino-http\logger.js:178:14)
              at ServerResponse.emit (node:events:520:35)
              at onFinish (node:_http_outgoing:1026:10)
              at callback (node:internal/streams/writable:764:21)
              at afterWrite (node:internal/streams/writable:708:5)
              at afterWriteTick (node:internal/streams/writable:694:10)
              at process.processTicksAndRejections (node:internal/process/task_queues:88:21)
    }
[2026-05-21 03:47:14.124 -0600] [32mINFO[39m (31936): [36mrequest completed[39m
    [35mreq[39m: {
      "id": 15,
      "method": "OPTIONS",
      "url": "/api/auth/login",
      "remoteAddress": "::1",
      "remotePort": 60647
    }
    [35mres[39m: {
      "statusCode": 204,
      "headers": {
        "content-security-policy": "default-src 'self';base-uri 'self';font-src 'self' https: data:;form-action 'self';frame-ancestors 'self';img-src 'self' data:;object-src 'none';script-src 'self';script-src-attr 'none';style-src 'self' https: 'unsafe-inline';upgrade-insecure-requests",
        "cross-origin-opener-policy": "same-origin",
        "cross-origin-resource-policy": "same-origin",
        "origin-agent-cluster": "?1",
        "referrer-policy": "no-referrer",
        "strict-transport-security": "max-age=31536000; includeSubDomains",
        "x-content-type-options": "nosniff",
        "x-dns-prefetch-control": "off",
        "x-download-options": "noopen",
        "x-frame-options": "SAMEORIGIN",
        "x-permitted-cross-domain-policies": "none",
        "x-xss-protection": "0",
        "access-control-allow-origin": "http://localhost:5173",
        "vary": "Origin, Access-Control-Request-Headers",
        "access-control-allow-credentials": "true",
        "access-control-allow-methods": "GET,HEAD,PUT,PATCH,POST,DELETE",
        "access-control-allow-headers": "content-type",
        "content-length": "0"
      }
    }
    [35mresponseTime[39m: 1
[2026-05-21 03:47:14.281 -0600] [31mERROR[39m (31936): [36mPrisma error[39m
    [35mevent[39m: {
      "message": "\nInvalid `prisma.user.findUnique()` invocation in\nC:\Users\jose1\Documents\GitHub\KOLLAB KONCEPT VCOMPLETA\src\repositories\auth.repository.js:32:24\n\n  29 \n  30 const authRepository = {\n  31   findByEmail(email) {\n→ 32     return prisma.user.findUnique(\nAuthentication failed against database server at `localhost`, the provided database credentials for `(not available)` are not valid.\n\nPlease make sure to provide valid database credentials for the database server at `localhost`.",
      "target": "user.findUnique",
      "timestamp": "2026-05-21T09:47:14.281Z"
    }
[2026-05-21 03:47:14.281 -0600] [31mERROR[39m (31936): [36mError no controlado[39m
    [35mpath[39m: "/api/auth/login"
    error: {
      "name": "PrismaClientInitializationError",
      "clientVersion": "5.22.0"
    }
[2026-05-21 03:47:14.282 -0600] [32mINFO[39m (31936): [36mrequest errored[39m
    [35mreq[39m: {
      "id": 16,
      "method": "POST",
      "url": "/api/auth/login",
      "remoteAddress": "::1",
      "remotePort": 58632
    }
    [35mres[39m: {
      "statusCode": 500,
      "headers": {
        "content-security-policy": "default-src 'self';base-uri 'self';font-src 'self' https: data:;form-action 'self';frame-ancestors 'self';img-src 'self' data:;object-src 'none';script-src 'self';script-src-attr 'none';style-src 'self' https: 'unsafe-inline';upgrade-insecure-requests",
        "cross-origin-opener-policy": "same-origin",
        "cross-origin-resource-policy": "same-origin",
        "origin-agent-cluster": "?1",
        "referrer-policy": "no-referrer",
        "strict-transport-security": "max-age=31536000; includeSubDomains",
        "x-content-type-options": "nosniff",
        "x-dns-prefetch-control": "off",
        "x-download-options": "noopen",
        "x-frame-options": "SAMEORIGIN",
        "x-permitted-cross-domain-policies": "none",
        "x-xss-protection": "0",
        "access-control-allow-origin": "http://localhost:5173",
        "vary": "Origin, Accept-Encoding",
        "access-control-allow-credentials": "true",
        "ratelimit-policy": "20;w=900",
        "ratelimit": "limit=20, remaining=8, reset=511",
        "content-type": "application/json; charset=utf-8",
        "content-length": "68",
        "etag": "W/\"44-vqrCvuNTqL306+M4Is+Zr0MlkfA\""
      }
    }
    [35mresponseTime[39m: 157
    err: {
      "type": "Error",
      "message": "failed with status code 500",
      "stack":
          Error: failed with status code 500
              at onResFinished (C:\Users\jose1\Documents\GitHub\KOLLAB KONCEPT VCOMPLETA\node_modules\pino-http\logger.js:115:39)
              at ServerResponse.onResponseComplete (C:\Users\jose1\Documents\GitHub\KOLLAB KONCEPT VCOMPLETA\node_modules\pino-http\logger.js:178:14)
              at ServerResponse.emit (node:events:520:35)
              at onFinish (node:_http_outgoing:1026:10)
              at callback (node:internal/streams/writable:764:21)
              at afterWrite (node:internal/streams/writable:708:5)
              at afterWriteTick (node:internal/streams/writable:694:10)
              at process.processTicksAndRejections (node:internal/process/task_queues:88:21)
    }
