
> kollab-koncepts-reportes-backend@1.0.0 start
> node src/server.js

[2026-06-19 08:44:26.706 -0600] [32mINFO[39m (27220): [36mServidor HTTP iniciado[39m
    [35mport[39m: 4000
    [35menv[39m: "development"
[2026-06-19 08:44:26.728 -0600] [32mINFO[39m (27220): [36mCron jobs iniciados[39m
    [35mcount[39m: 3
[2026-06-19 08:44:55.237 -0600] [32mINFO[39m (27220): [36mrequest completed[39m
    [35mreq[39m: {
      "id": 1,
      "method": "OPTIONS",
      "url": "/api/auth/refresh",
      "remoteAddress": "::1",
      "remotePort": 49309
    }
    [35mres[39m: {
      "statusCode": 204,
      "headers": {
        "content-security-policy": "default-src 'self';base-uri 'self';font-src 'self' https: data:;form-action 'self';frame-ancestors 'self';img-src 'self' data:;object-src 'none';script-src 'self';script-src-attr 'none';style-src 'self' https: 'unsafe-inline';upgrade-insecure-requests",
        "cross-origin-opener-policy": "same-origin",
        "cross-origin-resource-policy": "same-origin",
        "origin-agent-cluster": "?1",
        "referrer-policy": "no-referrer",
        "strict-transport-security": "max-age=31536000; includeSubDomains",
        "x-content-type-options": "nosniff",
        "x-dns-prefetch-control": "off",
        "x-download-options": "noopen",
        "x-frame-options": "SAMEORIGIN",
        "x-permitted-cross-domain-policies": "none",
        "x-xss-protection": "0",
        "access-control-allow-origin": "http://localhost:5173",
        "vary": "Origin, Access-Control-Request-Headers",
        "access-control-allow-credentials": "true",
        "access-control-allow-methods": "GET,HEAD,PUT,PATCH,POST,DELETE",
        "access-control-allow-headers": "content-type",
        "content-length": "0"
      }
    }
    [35mresponseTime[39m: 6
[2026-06-19 08:44:55.240 -0600] [32mINFO[39m (27220): [36mrequest completed[39m
    [35mreq[39m: {
      "id": 2,
      "method": "OPTIONS",
      "url": "/api/auth/refresh",
      "remoteAddress": "::1",
      "remotePort": 58780
    }
    [35mres[39m: {
      "statusCode": 204,
      "headers": {
        "content-security-policy": "default-src 'self';base-uri 'self';font-src 'self' https: data:;form-action 'self';frame-ancestors 'self';img-src 'self' data:;object-src 'none';script-src 'self';script-src-attr 'none';style-src 'self' https: 'unsafe-inline';upgrade-insecure-requests",
        "cross-origin-opener-policy": "same-origin",
        "cross-origin-resource-policy": "same-origin",
        "origin-agent-cluster": "?1",
        "referrer-policy": "no-referrer",
        "strict-transport-security": "max-age=31536000; includeSubDomains",
        "x-content-type-options": "nosniff",
        "x-dns-prefetch-control": "off",
        "x-download-options": "noopen",
        "x-frame-options": "SAMEORIGIN",
        "x-permitted-cross-domain-policies": "none",
        "x-xss-protection": "0",
        "access-control-allow-origin": "http://localhost:5173",
        "vary": "Origin, Access-Control-Request-Headers",
        "access-control-allow-credentials": "true",
        "access-control-allow-methods": "GET,HEAD,PUT,PATCH,POST,DELETE",
        "access-control-allow-headers": "content-type",
        "content-length": "0"
      }
    }
    [35mresponseTime[39m: 1
[2026-06-19 08:44:55.350 -0600] [32mINFO[39m (27220): [36mrequest completed[39m
    [35mreq[39m: {
      "id": 3,
      "method": "POST",
      "url": "/api/auth/refresh",
      "remoteAddress": "::1",
      "remotePort": 50660
    }
    [35mres[39m: {
      "statusCode": 401,
      "headers": {
        "content-security-policy": "default-src 'self';base-uri 'self';font-src 'self' https: data:;form-action 'self';frame-ancestors 'self';img-src 'self' data:;object-src 'none';script-src 'self';script-src-attr 'none';style-src 'self' https: 'unsafe-inline';upgrade-insecure-requests",
        "cross-origin-opener-policy": "same-origin",
        "cross-origin-resource-policy": "same-origin",
        "origin-agent-cluster": "?1",
        "referrer-policy": "no-referrer",
        "strict-transport-security": "max-age=31536000; includeSubDomains",
        "x-content-type-options": "nosniff",
        "x-dns-prefetch-control": "off",
        "x-download-options": "noopen",
        "x-frame-options": "SAMEORIGIN",
        "x-permitted-cross-domain-policies": "none",
        "x-xss-protection": "0",
        "access-control-allow-origin": "http://localhost:5173",
        "vary": "Origin, Accept-Encoding",
        "access-control-allow-credentials": "true",
        "ratelimit-policy": "200;w=900",
        "ratelimit": "limit=200, remaining=199, reset=900",
        "content-type": "application/json; charset=utf-8",
        "content-length": "75",
        "etag": "W/\"4b-9r0HGos4Be+vfi4RaOOovz7YvUw\""
      }
    }
    [35mresponseTime[39m: 109
[2026-06-19 08:44:55.404 -0600] [32mINFO[39m (27220): [36mrequest completed[39m
    [35mreq[39m: {
      "id": 4,
      "method": "POST",
      "url": "/api/auth/refresh",
      "remoteAddress": "::1",
      "remotePort": 63144
    }
    [35mres[39m: {
      "statusCode": 401,
      "headers": {
        "content-security-policy": "default-src 'self';base-uri 'self';font-src 'self' https: data:;form-action 'self';frame-ancestors 'self';img-src 'self' data:;object-src 'none';script-src 'self';script-src-attr 'none';style-src 'self' https: 'unsafe-inline';upgrade-insecure-requests",
        "cross-origin-opener-policy": "same-origin",
        "cross-origin-resource-policy": "same-origin",
        "origin-agent-cluster": "?1",
        "referrer-policy": "no-referrer",
        "strict-transport-security": "max-age=31536000; includeSubDomains",
        "x-content-type-options": "nosniff",
        "x-dns-prefetch-control": "off",
        "x-download-options": "noopen",
        "x-frame-options": "SAMEORIGIN",
        "x-permitted-cross-domain-policies": "none",
        "x-xss-protection": "0",
        "access-control-allow-origin": "http://localhost:5173",
        "vary": "Origin, Accept-Encoding",
        "access-control-allow-credentials": "true",
        "ratelimit-policy": "200;w=900",
        "ratelimit": "limit=200, remaining=198, reset=900",
        "content-type": "application/json; charset=utf-8",
        "content-length": "75",
        "etag": "W/\"4b-9r0HGos4Be+vfi4RaOOovz7YvUw\""
      }
    }
    [35mresponseTime[39m: 122
[2026-06-19 08:45:00.015 -0600] [32mINFO[39m (27220): [36mIniciando job de verificacion SLA[39m
[2026-06-19 08:45:00.023 -0600] [32mINFO[39m (27220): [36mJob de verificacion SLA finalizado[39m
    [35mresult[39m: {
      "checkedAt": "2026-06-19T14:45:00.015Z",
      "breached": 0,
      "notified": 0
    }
[2026-06-19 08:45:05.855 -0600] [32mINFO[39m (27220): [36mrequest completed[39m
    [35mreq[39m: {
      "id": 5,
      "method": "POST",
      "url": "/api/auth/forgot-password/request",
      "remoteAddress": "::1",
      "remotePort": 58425
    }
    [35mres[39m: {
      "statusCode": 200,
      "headers": {
        "content-security-policy": "default-src 'self';base-uri 'self';font-src 'self' https: data:;form-action 'self';frame-ancestors 'self';img-src 'self' data:;object-src 'none';script-src 'self';script-src-attr 'none';style-src 'self' https: 'unsafe-inline';upgrade-insecure-requests",
        "cross-origin-opener-policy": "same-origin",
        "cross-origin-resource-policy": "same-origin",
        "origin-agent-cluster": "?1",
        "referrer-policy": "no-referrer",
        "strict-transport-security": "max-age=31536000; includeSubDomains",
        "x-content-type-options": "nosniff",
        "x-dns-prefetch-control": "off",
        "x-download-options": "noopen",
        "x-frame-options": "SAMEORIGIN",
        "x-permitted-cross-domain-policies": "none",
        "x-xss-protection": "0",
        "vary": "Origin, Accept-Encoding",
        "access-control-allow-credentials": "true",
        "ratelimit-policy": "200;w=900",
        "ratelimit": "limit=200, remaining=197, reset=890",
        "content-type": "application/json; charset=utf-8",
        "content-length": "113",
        "etag": "W/\"71-Sz7jYEpKu/nj1w9zu5Xsicvo7M0\""
      }
    }
    [35mresponseTime[39m: 7
[2026-06-19 08:45:20.657 -0600] [32mINFO[39m (27220): [36mrequest completed[39m
    [35mreq[39m: {
      "id": 6,
      "method": "POST",
      "url": "/api/auth/forgot-password/reset",
      "remoteAddress": "::1",
      "remotePort": 58494
    }
    [35mres[39m: {
      "statusCode": 400,
      "headers": {
        "content-security-policy": "default-src 'self';base-uri 'self';font-src 'self' https: data:;form-action 'self';frame-ancestors 'self';img-src 'self' data:;object-src 'none';script-src 'self';script-src-attr 'none';style-src 'self' https: 'unsafe-inline';upgrade-insecure-requests",
        "cross-origin-opener-policy": "same-origin",
        "cross-origin-resource-policy": "same-origin",
        "origin-agent-cluster": "?1",
        "referrer-policy": "no-referrer",
        "strict-transport-security": "max-age=31536000; includeSubDomains",
        "x-content-type-options": "nosniff",
        "x-dns-prefetch-control": "off",
        "x-download-options": "noopen",
        "x-frame-options": "SAMEORIGIN",
        "x-permitted-cross-domain-policies": "none",
        "x-xss-protection": "0",
        "vary": "Origin, Accept-Encoding",
        "access-control-allow-credentials": "true",
        "ratelimit-policy": "200;w=900",
        "ratelimit": "limit=200, remaining=197, reset=875",
        "content-type": "application/json; charset=utf-8",
        "content-length": "68",
        "etag": "W/\"44-Q3dnuImYoqfo1FtezT9n2clZb0s\""
      }
    }
    [35mresponseTime[39m: 6
[2026-06-19 08:45:39.976 -0600] [32mINFO[39m (27220): [36mrequest completed[39m
    [35mreq[39m: {
      "id": 7,
      "method": "OPTIONS",
      "url": "/api/auth/refresh",
      "remoteAddress": "::1",
      "remotePort": 53437
    }
    [35mres[39m: {
      "statusCode": 204,
      "headers": {
        "content-security-policy": "default-src 'self';base-uri 'self';font-src 'self' https: data:;form-action 'self';frame-ancestors 'self';img-src 'self' data:;object-src 'none';script-src 'self';script-src-attr 'none';style-src 'self' https: 'unsafe-inline';upgrade-insecure-requests",
        "cross-origin-opener-policy": "same-origin",
        "cross-origin-resource-policy": "same-origin",
        "origin-agent-cluster": "?1",
        "referrer-policy": "no-referrer",
        "strict-transport-security": "max-age=31536000; includeSubDomains",
        "x-content-type-options": "nosniff",
        "x-dns-prefetch-control": "off",
        "x-download-options": "noopen",
        "x-frame-options": "SAMEORIGIN",
        "x-permitted-cross-domain-policies": "none",
        "x-xss-protection": "0",
        "access-control-allow-origin": "http://localhost:5173",
        "vary": "Origin, Access-Control-Request-Headers",
        "access-control-allow-credentials": "true",
        "access-control-allow-methods": "GET,HEAD,PUT,PATCH,POST,DELETE",
        "access-control-allow-headers": "content-type",
        "content-length": "0"
      }
    }
    [35mresponseTime[39m: 1
[2026-06-19 08:45:39.977 -0600] [32mINFO[39m (27220): [36mrequest completed[39m
    [35mreq[39m: {
      "id": 8,
      "method": "OPTIONS",
      "url": "/api/auth/refresh",
      "remoteAddress": "::1",
      "remotePort": 61426
    }
    [35mres[39m: {
      "statusCode": 204,
      "headers": {
        "content-security-policy": "default-src 'self';base-uri 'self';font-src 'self' https: data:;form-action 'self';frame-ancestors 'self';img-src 'self' data:;object-src 'none';script-src 'self';script-src-attr 'none';style-src 'self' https: 'unsafe-inline';upgrade-insecure-requests",
        "cross-origin-opener-policy": "same-origin",
        "cross-origin-resource-policy": "same-origin",
        "origin-agent-cluster": "?1",
        "referrer-policy": "no-referrer",
        "strict-transport-security": "max-age=31536000; includeSubDomains",
        "x-content-type-options": "nosniff",
        "x-dns-prefetch-control": "off",
        "x-download-options": "noopen",
        "x-frame-options": "SAMEORIGIN",
        "x-permitted-cross-domain-policies": "none",
        "x-xss-protection": "0",
        "access-control-allow-origin": "http://localhost:5173",
        "vary": "Origin, Access-Control-Request-Headers",
        "access-control-allow-credentials": "true",
        "access-control-allow-methods": "GET,HEAD,PUT,PATCH,POST,DELETE",
        "access-control-allow-headers": "content-type",
        "content-length": "0"
      }
    }
    [35mresponseTime[39m: 1
[2026-06-19 08:45:39.999 -0600] [32mINFO[39m (27220): [36mrequest completed[39m
    [35mreq[39m: {
      "id": 9,
      "method": "POST",
      "url": "/api/auth/refresh",
      "remoteAddress": "::1",
      "remotePort": 49680
    }
    [35mres[39m: {
      "statusCode": 401,
      "headers": {
        "content-security-policy": "default-src 'self';base-uri 'self';font-src 'self' https: data:;form-action 'self';frame-ancestors 'self';img-src 'self' data:;object-src 'none';script-src 'self';script-src-attr 'none';style-src 'self' https: 'unsafe-inline';upgrade-insecure-requests",
        "cross-origin-opener-policy": "same-origin",
        "cross-origin-resource-policy": "same-origin",
        "origin-agent-cluster": "?1",
        "referrer-policy": "no-referrer",
        "strict-transport-security": "max-age=31536000; includeSubDomains",
        "x-content-type-options": "nosniff",
        "x-dns-prefetch-control": "off",
        "x-download-options": "noopen",
        "x-frame-options": "SAMEORIGIN",
        "x-permitted-cross-domain-policies": "none",
        "x-xss-protection": "0",
        "access-control-allow-origin": "http://localhost:5173",
        "vary": "Origin, Accept-Encoding",
        "access-control-allow-credentials": "true",
        "ratelimit-policy": "200;w=900",
        "ratelimit": "limit=200, remaining=196, reset=856",
        "content-type": "application/json; charset=utf-8",
        "content-length": "75",
        "etag": "W/\"4b-9r0HGos4Be+vfi4RaOOovz7YvUw\""
      }
    }
    [35mresponseTime[39m: 4
[2026-06-19 08:45:40.002 -0600] [32mINFO[39m (27220): [36mrequest completed[39m
    [35mreq[39m: {
      "id": 10,
      "method": "POST",
      "url": "/api/auth/refresh",
      "remoteAddress": "::1",
      "remotePort": 59072
    }
    [35mres[39m: {
      "statusCode": 401,
      "headers": {
        "content-security-policy": "default-src 'self';base-uri 'self';font-src 'self' https: data:;form-action 'self';frame-ancestors 'self';img-src 'self' data:;object-src 'none';script-src 'self';script-src-attr 'none';style-src 'self' https: 'unsafe-inline';upgrade-insecure-requests",
        "cross-origin-opener-policy": "same-origin",
        "cross-origin-resource-policy": "same-origin",
        "origin-agent-cluster": "?1",
        "referrer-policy": "no-referrer",
        "strict-transport-security": "max-age=31536000; includeSubDomains",
        "x-content-type-options": "nosniff",
        "x-dns-prefetch-control": "off",
        "x-download-options": "noopen",
        "x-frame-options": "SAMEORIGIN",
        "x-permitted-cross-domain-policies": "none",
        "x-xss-protection": "0",
        "access-control-allow-origin": "http://localhost:5173",
        "vary": "Origin, Accept-Encoding",
        "access-control-allow-credentials": "true",
        "ratelimit-policy": "200;w=900",
        "ratelimit": "limit=200, remaining=195, reset=856",
        "content-type": "application/json; charset=utf-8",
        "content-length": "75",
        "etag": "W/\"4b-9r0HGos4Be+vfi4RaOOovz7YvUw\""
      }
    }
    [35mresponseTime[39m: 5
[2026-06-19 08:45:48.692 -0600] [32mINFO[39m (27220): [36mrequest completed[39m
    [35mreq[39m: {
      "id": 11,
      "method": "OPTIONS",
      "url": "/api/auth/refresh",
      "remoteAddress": "::1",
      "remotePort": 62581
    }
    [35mres[39m: {
      "statusCode": 204,
      "headers": {
        "content-security-policy": "default-src 'self';base-uri 'self';font-src 'self' https: data:;form-action 'self';frame-ancestors 'self';img-src 'self' data:;object-src 'none';script-src 'self';script-src-attr 'none';style-src 'self' https: 'unsafe-inline';upgrade-insecure-requests",
        "cross-origin-opener-policy": "same-origin",
        "cross-origin-resource-policy": "same-origin",
        "origin-agent-cluster": "?1",
        "referrer-policy": "no-referrer",
        "strict-transport-security": "max-age=31536000; includeSubDomains",
        "x-content-type-options": "nosniff",
        "x-dns-prefetch-control": "off",
        "x-download-options": "noopen",
        "x-frame-options": "SAMEORIGIN",
        "x-permitted-cross-domain-policies": "none",
        "x-xss-protection": "0",
        "access-control-allow-origin": "http://localhost:5173",
        "vary": "Origin, Access-Control-Request-Headers",
        "access-control-allow-credentials": "true",
        "access-control-allow-methods": "GET,HEAD,PUT,PATCH,POST,DELETE",
        "access-control-allow-headers": "content-type",
        "content-length": "0"
      }
    }
    [35mresponseTime[39m: 0
[2026-06-19 08:45:48.693 -0600] [32mINFO[39m (27220): [36mrequest completed[39m
    [35mreq[39m: {
      "id": 12,
      "method": "OPTIONS",
      "url": "/api/auth/refresh",
      "remoteAddress": "::1",
      "remotePort": 61743
    }
    [35mres[39m: {
      "statusCode": 204,
      "headers": {
        "content-security-policy": "default-src 'self';base-uri 'self';font-src 'self' https: data:;form-action 'self';frame-ancestors 'self';img-src 'self' data:;object-src 'none';script-src 'self';script-src-attr 'none';style-src 'self' https: 'unsafe-inline';upgrade-insecure-requests",
        "cross-origin-opener-policy": "same-origin",
        "cross-origin-resource-policy": "same-origin",
        "origin-agent-cluster": "?1",
        "referrer-policy": "no-referrer",
        "strict-transport-security": "max-age=31536000; includeSubDomains",
        "x-content-type-options": "nosniff",
        "x-dns-prefetch-control": "off",
        "x-download-options": "noopen",
        "x-frame-options": "SAMEORIGIN",
        "x-permitted-cross-domain-policies": "none",
        "x-xss-protection": "0",
        "access-control-allow-origin": "http://localhost:5173",
        "vary": "Origin, Access-Control-Request-Headers",
        "access-control-allow-credentials": "true",
        "access-control-allow-methods": "GET,HEAD,PUT,PATCH,POST,DELETE",
        "access-control-allow-headers": "content-type",
        "content-length": "0"
      }
    }
    [35mresponseTime[39m: 0
[2026-06-19 08:45:48.698 -0600] [32mINFO[39m (27220): [36mrequest completed[39m
    [35mreq[39m: {
      "id": 13,
      "method": "POST",
      "url": "/api/auth/refresh",
      "remoteAddress": "::1",
      "remotePort": 49561
    }
    [35mres[39m: {
      "statusCode": 401,
      "headers": {
        "content-security-policy": "default-src 'self';base-uri 'self';font-src 'self' https: data:;form-action 'self';frame-ancestors 'self';img-src 'self' data:;object-src 'none';script-src 'self';script-src-attr 'none';style-src 'self' https: 'unsafe-inline';upgrade-insecure-requests",
        "cross-origin-opener-policy": "same-origin",
        "cross-origin-resource-policy": "same-origin",
        "origin-agent-cluster": "?1",
        "referrer-policy": "no-referrer",
        "strict-transport-security": "max-age=31536000; includeSubDomains",
        "x-content-type-options": "nosniff",
        "x-dns-prefetch-control": "off",
        "x-download-options": "noopen",
        "x-frame-options": "SAMEORIGIN",
        "x-permitted-cross-domain-policies": "none",
        "x-xss-protection": "0",
        "access-control-allow-origin": "http://localhost:5173",
        "vary": "Origin, Accept-Encoding",
        "access-control-allow-credentials": "true",
        "ratelimit-policy": "200;w=900",
        "ratelimit": "limit=200, remaining=194, reset=847",
        "content-type": "application/json; charset=utf-8",
        "content-length": "75",
        "etag": "W/\"4b-9r0HGos4Be+vfi4RaOOovz7YvUw\""
      }
    }
    [35mresponseTime[39m: 3
[2026-06-19 08:45:48.705 -0600] [32mINFO[39m (27220): [36mrequest completed[39m
    [35mreq[39m: {
      "id": 14,
      "method": "POST",
      "url": "/api/auth/refresh",
      "remoteAddress": "::1",
      "remotePort": 51273
    }
    [35mres[39m: {
      "statusCode": 401,
      "headers": {
        "content-security-policy": "default-src 'self';base-uri 'self';font-src 'self' https: data:;form-action 'self';frame-ancestors 'self';img-src 'self' data:;object-src 'none';script-src 'self';script-src-attr 'none';style-src 'self' https: 'unsafe-inline';upgrade-insecure-requests",
        "cross-origin-opener-policy": "same-origin",
        "cross-origin-resource-policy": "same-origin",
        "origin-agent-cluster": "?1",
        "referrer-policy": "no-referrer",
        "strict-transport-security": "max-age=31536000; includeSubDomains",
        "x-content-type-options": "nosniff",
        "x-dns-prefetch-control": "off",
        "x-download-options": "noopen",
        "x-frame-options": "SAMEORIGIN",
        "x-permitted-cross-domain-policies": "none",
        "x-xss-protection": "0",
        "access-control-allow-origin": "http://localhost:5173",
        "vary": "Origin, Accept-Encoding",
        "access-control-allow-credentials": "true",
        "ratelimit-policy": "200;w=900",
        "ratelimit": "limit=200, remaining=193, reset=847",
        "content-type": "application/json; charset=utf-8",
        "content-length": "75",
        "etag": "W/\"4b-9r0HGos4Be+vfi4RaOOovz7YvUw\""
      }
    }
    [35mresponseTime[39m: 6
[2026-06-19 08:46:20.810 -0600] [32mINFO[39m (27220): [36mrequest completed[39m
    [35mreq[39m: {
      "id": 15,
      "method": "OPTIONS",
      "url": "/api/auth/forgot-password/request",
      "remoteAddress": "::1",
      "remotePort": 54377
    }
    [35mres[39m: {
      "statusCode": 204,
      "headers": {
        "content-security-policy": "default-src 'self';base-uri 'self';font-src 'self' https: data:;form-action 'self';frame-ancestors 'self';img-src 'self' data:;object-src 'none';script-src 'self';script-src-attr 'none';style-src 'self' https: 'unsafe-inline';upgrade-insecure-requests",
        "cross-origin-opener-policy": "same-origin",
        "cross-origin-resource-policy": "same-origin",
        "origin-agent-cluster": "?1",
        "referrer-policy": "no-referrer",
        "strict-transport-security": "max-age=31536000; includeSubDomains",
        "x-content-type-options": "nosniff",
        "x-dns-prefetch-control": "off",
        "x-download-options": "noopen",
        "x-frame-options": "SAMEORIGIN",
        "x-permitted-cross-domain-policies": "none",
        "x-xss-protection": "0",
        "access-control-allow-origin": "http://localhost:5173",
        "vary": "Origin, Access-Control-Request-Headers",
        "access-control-allow-credentials": "true",
        "access-control-allow-methods": "GET,HEAD,PUT,PATCH,POST,DELETE",
        "access-control-allow-headers": "content-type",
        "content-length": "0"
      }
    }
    [35mresponseTime[39m: 0
[2026-06-19 08:46:20.814 -0600] [32mINFO[39m (27220): [36mrequest completed[39m
    [35mreq[39m: {
      "id": 16,
      "method": "POST",
      "url": "/api/auth/forgot-password/request",
      "remoteAddress": "::1",
      "remotePort": 55143
    }
    [35mres[39m: {
      "statusCode": 200,
      "headers": {
        "content-security-policy": "default-src 'self';base-uri 'self';font-src 'self' https: data:;form-action 'self';frame-ancestors 'self';img-src 'self' data:;object-src 'none';script-src 'self';script-src-attr 'none';style-src 'self' https: 'unsafe-inline';upgrade-insecure-requests",
        "cross-origin-opener-policy": "same-origin",
        "cross-origin-resource-policy": "same-origin",
        "origin-agent-cluster": "?1",
        "referrer-policy": "no-referrer",
        "strict-transport-security": "max-age=31536000; includeSubDomains",
        "x-content-type-options": "nosniff",
        "x-dns-prefetch-control": "off",
        "x-download-options": "noopen",
        "x-frame-options": "SAMEORIGIN",
        "x-permitted-cross-domain-policies": "none",
        "x-xss-protection": "0",
        "access-control-allow-origin": "http://localhost:5173",
        "vary": "Origin, Accept-Encoding",
        "access-control-allow-credentials": "true",
        "ratelimit-policy": "200;w=900",
        "ratelimit": "limit=200, remaining=192, reset=815",
        "content-type": "application/json; charset=utf-8",
        "content-length": "113",
        "etag": "W/\"71-Sz7jYEpKu/nj1w9zu5Xsicvo7M0\""
      }
    }
    [35mresponseTime[39m: 2
