
> kollab-koncepts-reportes-backend@1.0.0 start
> node src/server.js

[2026-06-19 08:20:48.946 -0600] [32mINFO[39m (21704): [36mServidor HTTP iniciado[39m
    [35mport[39m: 4000
    [35menv[39m: "development"
[2026-06-19 08:20:49.042 -0600] [32mINFO[39m (21704): [36mCron jobs iniciados[39m
    [35mcount[39m: 3
[2026-06-19 08:21:11.022 -0600] [32mINFO[39m (21704): [36mrequest completed[39m
    [35mreq[39m: {
      "id": 1,
      "method": "GET",
      "url": "/",
      "remoteAddress": "::1",
      "remotePort": 62074
    }
    [35mres[39m: {
      "statusCode": 404,
      "headers": {
        "content-security-policy": "default-src 'self';base-uri 'self';font-src 'self' https: data:;form-action 'self';frame-ancestors 'self';img-src 'self' data:;object-src 'none';script-src 'self';script-src-attr 'none';style-src 'self' https: 'unsafe-inline';upgrade-insecure-requests",
        "cross-origin-opener-policy": "same-origin",
        "cross-origin-resource-policy": "same-origin",
        "origin-agent-cluster": "?1",
        "referrer-policy": "no-referrer",
        "strict-transport-security": "max-age=31536000; includeSubDomains",
        "x-content-type-options": "nosniff",
        "x-dns-prefetch-control": "off",
        "x-download-options": "noopen",
        "x-frame-options": "SAMEORIGIN",
        "x-permitted-cross-domain-policies": "none",
        "x-xss-protection": "0",
        "vary": "Origin, Accept-Encoding",
        "access-control-allow-credentials": "true",
        "ratelimit-policy": "2000;w=900",
        "ratelimit": "limit=2000, remaining=1999, reset=900",
        "content-type": "application/json; charset=utf-8",
        "content-length": "67",
        "etag": "W/\"43-KT/kH+l9u/iAa/X6VsN2ufC0KWA\""
      }
    }
    [35mresponseTime[39m: 12
[2026-06-19 08:22:50.499 -0600] [32mINFO[39m (21704): [36mrequest completed[39m
    [35mreq[39m: {
      "id": 2,
      "method": "GET",
      "url": "/",
      "remoteAddress": "::1",
      "remotePort": 52225
    }
    [35mres[39m: {
      "statusCode": 404,
      "headers": {
        "content-security-policy": "default-src 'self';base-uri 'self';font-src 'self' https: data:;form-action 'self';frame-ancestors 'self';img-src 'self' data:;object-src 'none';script-src 'self';script-src-attr 'none';style-src 'self' https: 'unsafe-inline';upgrade-insecure-requests",
        "cross-origin-opener-policy": "same-origin",
        "cross-origin-resource-policy": "same-origin",
        "origin-agent-cluster": "?1",
        "referrer-policy": "no-referrer",
        "strict-transport-security": "max-age=31536000; includeSubDomains",
        "x-content-type-options": "nosniff",
        "x-dns-prefetch-control": "off",
        "x-download-options": "noopen",
        "x-frame-options": "SAMEORIGIN",
        "x-permitted-cross-domain-policies": "none",
        "x-xss-protection": "0",
        "vary": "Origin, Accept-Encoding",
        "access-control-allow-credentials": "true",
        "ratelimit-policy": "2000;w=900",
        "ratelimit": "limit=2000, remaining=1998, reset=801",
        "content-type": "application/json; charset=utf-8",
        "content-length": "67",
        "etag": "W/\"43-KT/kH+l9u/iAa/X6VsN2ufC0KWA\""
      }
    }
    [35mresponseTime[39m: 1
[2026-06-19 08:22:51.178 -0600] [32mINFO[39m (21704): [36mrequest completed[39m
    [35mreq[39m: {
      "id": 3,
      "method": "OPTIONS",
      "url": "/api/auth/refresh",
      "remoteAddress": "::1",
      "remotePort": 59284
    }
    [35mres[39m: {
      "statusCode": 204,
      "headers": {
        "content-security-policy": "default-src 'self';base-uri 'self';font-src 'self' https: data:;form-action 'self';frame-ancestors 'self';img-src 'self' data:;object-src 'none';script-src 'self';script-src-attr 'none';style-src 'self' https: 'unsafe-inline';upgrade-insecure-requests",
        "cross-origin-opener-policy": "same-origin",
        "cross-origin-resource-policy": "same-origin",
        "origin-agent-cluster": "?1",
        "referrer-policy": "no-referrer",
        "strict-transport-security": "max-age=31536000; includeSubDomains",
        "x-content-type-options": "nosniff",
        "x-dns-prefetch-control": "off",
        "x-download-options": "noopen",
        "x-frame-options": "SAMEORIGIN",
        "x-permitted-cross-domain-policies": "none",
        "x-xss-protection": "0",
        "access-control-allow-origin": "http://localhost:5173",
        "vary": "Origin, Access-Control-Request-Headers",
        "access-control-allow-credentials": "true",
        "access-control-allow-methods": "GET,HEAD,PUT,PATCH,POST,DELETE",
        "access-control-allow-headers": "content-type",
        "content-length": "0"
      }
    }
    [35mresponseTime[39m: 1
[2026-06-19 08:22:51.180 -0600] [32mINFO[39m (21704): [36mrequest completed[39m
    [35mreq[39m: {
      "id": 4,
      "method": "OPTIONS",
      "url": "/api/auth/refresh",
      "remoteAddress": "::1",
      "remotePort": 56569
    }
    [35mres[39m: {
      "statusCode": 204,
      "headers": {
        "content-security-policy": "default-src 'self';base-uri 'self';font-src 'self' https: data:;form-action 'self';frame-ancestors 'self';img-src 'self' data:;object-src 'none';script-src 'self';script-src-attr 'none';style-src 'self' https: 'unsafe-inline';upgrade-insecure-requests",
        "cross-origin-opener-policy": "same-origin",
        "cross-origin-resource-policy": "same-origin",
        "origin-agent-cluster": "?1",
        "referrer-policy": "no-referrer",
        "strict-transport-security": "max-age=31536000; includeSubDomains",
        "x-content-type-options": "nosniff",
        "x-dns-prefetch-control": "off",
        "x-download-options": "noopen",
        "x-frame-options": "SAMEORIGIN",
        "x-permitted-cross-domain-policies": "none",
        "x-xss-protection": "0",
        "access-control-allow-origin": "http://localhost:5173",
        "vary": "Origin, Access-Control-Request-Headers",
        "access-control-allow-credentials": "true",
        "access-control-allow-methods": "GET,HEAD,PUT,PATCH,POST,DELETE",
        "access-control-allow-headers": "content-type",
        "content-length": "0"
      }
    }
    [35mresponseTime[39m: 1
[2026-06-19 08:22:51.392 -0600] [32mINFO[39m (21704): [36mrequest completed[39m
    [35mreq[39m: {
      "id": 5,
      "method": "POST",
      "url": "/api/auth/refresh",
      "remoteAddress": "::1",
      "remotePort": 63248
    }
    [35mres[39m: {
      "statusCode": 401,
      "headers": {
        "content-security-policy": "default-src 'self';base-uri 'self';font-src 'self' https: data:;form-action 'self';frame-ancestors 'self';img-src 'self' data:;object-src 'none';script-src 'self';script-src-attr 'none';style-src 'self' https: 'unsafe-inline';upgrade-insecure-requests",
        "cross-origin-opener-policy": "same-origin",
        "cross-origin-resource-policy": "same-origin",
        "origin-agent-cluster": "?1",
        "referrer-policy": "no-referrer",
        "strict-transport-security": "max-age=31536000; includeSubDomains",
        "x-content-type-options": "nosniff",
        "x-dns-prefetch-control": "off",
        "x-download-options": "noopen",
        "x-frame-options": "SAMEORIGIN",
        "x-permitted-cross-domain-policies": "none",
        "x-xss-protection": "0",
        "access-control-allow-origin": "http://localhost:5173",
        "vary": "Origin, Accept-Encoding",
        "access-control-allow-credentials": "true",
        "ratelimit-policy": "200;w=900",
        "ratelimit": "limit=200, remaining=199, reset=900",
        "content-type": "application/json; charset=utf-8",
        "content-length": "75",
        "etag": "W/\"4b-9r0HGos4Be+vfi4RaOOovz7YvUw\""
      }
    }
    [35mresponseTime[39m: 211
[2026-06-19 08:22:51.423 -0600] [32mINFO[39m (21704): [36mrequest completed[39m
    [35mreq[39m: {
      "id": 6,
      "method": "POST",
      "url": "/api/auth/refresh",
      "remoteAddress": "::1",
      "remotePort": 57054
    }
    [35mres[39m: {
      "statusCode": 401,
      "headers": {
        "content-security-policy": "default-src 'self';base-uri 'self';font-src 'self' https: data:;form-action 'self';frame-ancestors 'self';img-src 'self' data:;object-src 'none';script-src 'self';script-src-attr 'none';style-src 'self' https: 'unsafe-inline';upgrade-insecure-requests",
        "cross-origin-opener-policy": "same-origin",
        "cross-origin-resource-policy": "same-origin",
        "origin-agent-cluster": "?1",
        "referrer-policy": "no-referrer",
        "strict-transport-security": "max-age=31536000; includeSubDomains",
        "x-content-type-options": "nosniff",
        "x-dns-prefetch-control": "off",
        "x-download-options": "noopen",
        "x-frame-options": "SAMEORIGIN",
        "x-permitted-cross-domain-policies": "none",
        "x-xss-protection": "0",
        "access-control-allow-origin": "http://localhost:5173",
        "vary": "Origin, Accept-Encoding",
        "access-control-allow-credentials": "true",
        "ratelimit-policy": "200;w=900",
        "ratelimit": "limit=200, remaining=198, reset=900",
        "content-type": "application/json; charset=utf-8",
        "content-length": "75",
        "etag": "W/\"4b-9r0HGos4Be+vfi4RaOOovz7YvUw\""
      }
    }
    [35mresponseTime[39m: 202
[2026-06-19 08:23:06.150 -0600] [32mINFO[39m (21704): [36mrequest completed[39m
    [35mreq[39m: {
      "id": 7,
      "method": "OPTIONS",
      "url": "/api/auth/refresh",
      "remoteAddress": "::1",
      "remotePort": 51868
    }
    [35mres[39m: {
      "statusCode": 204,
      "headers": {
        "content-security-policy": "default-src 'self';base-uri 'self';font-src 'self' https: data:;form-action 'self';frame-ancestors 'self';img-src 'self' data:;object-src 'none';script-src 'self';script-src-attr 'none';style-src 'self' https: 'unsafe-inline';upgrade-insecure-requests",
        "cross-origin-opener-policy": "same-origin",
        "cross-origin-resource-policy": "same-origin",
        "origin-agent-cluster": "?1",
        "referrer-policy": "no-referrer",
        "strict-transport-security": "max-age=31536000; includeSubDomains",
        "x-content-type-options": "nosniff",
        "x-dns-prefetch-control": "off",
        "x-download-options": "noopen",
        "x-frame-options": "SAMEORIGIN",
        "x-permitted-cross-domain-policies": "none",
        "x-xss-protection": "0",
        "access-control-allow-origin": "http://localhost:5173",
        "vary": "Origin, Access-Control-Request-Headers",
        "access-control-allow-credentials": "true",
        "access-control-allow-methods": "GET,HEAD,PUT,PATCH,POST,DELETE",
        "access-control-allow-headers": "content-type",
        "content-length": "0"
      }
    }
    [35mresponseTime[39m: 1
[2026-06-19 08:23:06.151 -0600] [32mINFO[39m (21704): [36mrequest completed[39m
    [35mreq[39m: {
      "id": 8,
      "method": "OPTIONS",
      "url": "/api/auth/refresh",
      "remoteAddress": "::1",
      "remotePort": 61958
    }
    [35mres[39m: {
      "statusCode": 204,
      "headers": {
        "content-security-policy": "default-src 'self';base-uri 'self';font-src 'self' https: data:;form-action 'self';frame-ancestors 'self';img-src 'self' data:;object-src 'none';script-src 'self';script-src-attr 'none';style-src 'self' https: 'unsafe-inline';upgrade-insecure-requests",
        "cross-origin-opener-policy": "same-origin",
        "cross-origin-resource-policy": "same-origin",
        "origin-agent-cluster": "?1",
        "referrer-policy": "no-referrer",
        "strict-transport-security": "max-age=31536000; includeSubDomains",
        "x-content-type-options": "nosniff",
        "x-dns-prefetch-control": "off",
        "x-download-options": "noopen",
        "x-frame-options": "SAMEORIGIN",
        "x-permitted-cross-domain-policies": "none",
        "x-xss-protection": "0",
        "access-control-allow-origin": "http://localhost:5173",
        "vary": "Origin, Access-Control-Request-Headers",
        "access-control-allow-credentials": "true",
        "access-control-allow-methods": "GET,HEAD,PUT,PATCH,POST,DELETE",
        "access-control-allow-headers": "content-type",
        "content-length": "0"
      }
    }
    [35mresponseTime[39m: 0
[2026-06-19 08:23:06.157 -0600] [32mINFO[39m (21704): [36mrequest completed[39m
    [35mreq[39m: {
      "id": 9,
      "method": "POST",
      "url": "/api/auth/refresh",
      "remoteAddress": "::1",
      "remotePort": 51269
    }
    [35mres[39m: {
      "statusCode": 401,
      "headers": {
        "content-security-policy": "default-src 'self';base-uri 'self';font-src 'self' https: data:;form-action 'self';frame-ancestors 'self';img-src 'self' data:;object-src 'none';script-src 'self';script-src-attr 'none';style-src 'self' https: 'unsafe-inline';upgrade-insecure-requests",
        "cross-origin-opener-policy": "same-origin",
        "cross-origin-resource-policy": "same-origin",
        "origin-agent-cluster": "?1",
        "referrer-policy": "no-referrer",
        "strict-transport-security": "max-age=31536000; includeSubDomains",
        "x-content-type-options": "nosniff",
        "x-dns-prefetch-control": "off",
        "x-download-options": "noopen",
        "x-frame-options": "SAMEORIGIN",
        "x-permitted-cross-domain-policies": "none",
        "x-xss-protection": "0",
        "access-control-allow-origin": "http://localhost:5173",
        "vary": "Origin, Accept-Encoding",
        "access-control-allow-credentials": "true",
        "ratelimit-policy": "200;w=900",
        "ratelimit": "limit=200, remaining=197, reset=886",
        "content-type": "application/json; charset=utf-8",
        "content-length": "75",
        "etag": "W/\"4b-9r0HGos4Be+vfi4RaOOovz7YvUw\""
      }
    }
    [35mresponseTime[39m: 4
[2026-06-19 08:23:06.162 -0600] [32mINFO[39m (21704): [36mrequest completed[39m
    [35mreq[39m: {
      "id": 10,
      "method": "POST",
      "url": "/api/auth/refresh",
      "remoteAddress": "::1",
      "remotePort": 53284
    }
    [35mres[39m: {
      "statusCode": 401,
      "headers": {
        "content-security-policy": "default-src 'self';base-uri 'self';font-src 'self' https: data:;form-action 'self';frame-ancestors 'self';img-src 'self' data:;object-src 'none';script-src 'self';script-src-attr 'none';style-src 'self' https: 'unsafe-inline';upgrade-insecure-requests",
        "cross-origin-opener-policy": "same-origin",
        "cross-origin-resource-policy": "same-origin",
        "origin-agent-cluster": "?1",
        "referrer-policy": "no-referrer",
        "strict-transport-security": "max-age=31536000; includeSubDomains",
        "x-content-type-options": "nosniff",
        "x-dns-prefetch-control": "off",
        "x-download-options": "noopen",
        "x-frame-options": "SAMEORIGIN",
        "x-permitted-cross-domain-policies": "none",
        "x-xss-protection": "0",
        "access-control-allow-origin": "http://localhost:5173",
        "vary": "Origin, Accept-Encoding",
        "access-control-allow-credentials": "true",
        "ratelimit-policy": "200;w=900",
        "ratelimit": "limit=200, remaining=196, reset=886",
        "content-type": "application/json; charset=utf-8",
        "content-length": "75",
        "etag": "W/\"4b-9r0HGos4Be+vfi4RaOOovz7YvUw\""
      }
    }
    [35mresponseTime[39m: 4
[2026-06-19 08:23:23.458 -0600] [32mINFO[39m (21704): [36mrequest completed[39m
    [35mreq[39m: {
      "id": 11,
      "method": "OPTIONS",
      "url": "/api/auth/login",
      "remoteAddress": "::1",
      "remotePort": 62830
    }
    [35mres[39m: {
      "statusCode": 204,
      "headers": {
        "content-security-policy": "default-src 'self';base-uri 'self';font-src 'self' https: data:;form-action 'self';frame-ancestors 'self';img-src 'self' data:;object-src 'none';script-src 'self';script-src-attr 'none';style-src 'self' https: 'unsafe-inline';upgrade-insecure-requests",
        "cross-origin-opener-policy": "same-origin",
        "cross-origin-resource-policy": "same-origin",
        "origin-agent-cluster": "?1",
        "referrer-policy": "no-referrer",
        "strict-transport-security": "max-age=31536000; includeSubDomains",
        "x-content-type-options": "nosniff",
        "x-dns-prefetch-control": "off",
        "x-download-options": "noopen",
        "x-frame-options": "SAMEORIGIN",
        "x-permitted-cross-domain-policies": "none",
        "x-xss-protection": "0",
        "access-control-allow-origin": "http://localhost:5173",
        "vary": "Origin, Access-Control-Request-Headers",
        "access-control-allow-credentials": "true",
        "access-control-allow-methods": "GET,HEAD,PUT,PATCH,POST,DELETE",
        "access-control-allow-headers": "content-type",
        "content-length": "0"
      }
    }
    [35mresponseTime[39m: 1
[2026-06-19 08:23:23.730 -0600] [32mINFO[39m (21704): [36mrequest completed[39m
    [35mreq[39m: {
      "id": 12,
      "method": "POST",
      "url": "/api/auth/login",
      "remoteAddress": "::1",
      "remotePort": 54586
    }
    [35mres[39m: {
      "statusCode": 200,
      "headers": {
        "content-security-policy": "default-src 'self';base-uri 'self';font-src 'self' https: data:;form-action 'self';frame-ancestors 'self';img-src 'self' data:;object-src 'none';script-src 'self';script-src-attr 'none';style-src 'self' https: 'unsafe-inline';upgrade-insecure-requests",
        "cross-origin-opener-policy": "same-origin",
        "cross-origin-resource-policy": "same-origin",
        "origin-agent-cluster": "?1",
        "referrer-policy": "no-referrer",
        "strict-transport-security": "max-age=31536000; includeSubDomains",
        "x-content-type-options": "nosniff",
        "x-dns-prefetch-control": "off",
        "x-download-options": "noopen",
        "x-frame-options": "SAMEORIGIN",
        "x-permitted-cross-domain-policies": "none",
        "x-xss-protection": "0",
        "access-control-allow-origin": "http://localhost:5173",
        "vary": "Origin, Accept-Encoding",
        "access-control-allow-credentials": "true",
        "ratelimit-policy": "200;w=900",
        "ratelimit": "limit=200, remaining=195, reset=868",
        "content-type": "application/json; charset=utf-8",
        "content-length": "817",
        "etag": "W/\"331-tII7BOZYnEsM8wS8yqeBeyq/4WM\""
      }
    }
    [35mresponseTime[39m: 271
[2026-06-19 08:23:23.752 -0600] [32mINFO[39m (21704): [36mrequest completed[39m
    [35mreq[39m: {
      "id": 13,
      "method": "OPTIONS",
      "url": "/api/notifications/me/unread-count",
      "remoteAddress": "::1",
      "remotePort": 62830
    }
    [35mres[39m: {
      "statusCode": 204,
      "headers": {
        "content-security-policy": "default-src 'self';base-uri 'self';font-src 'self' https: data:;form-action 'self';frame-ancestors 'self';img-src 'self' data:;object-src 'none';script-src 'self';script-src-attr 'none';style-src 'self' https: 'unsafe-inline';upgrade-insecure-requests",
        "cross-origin-opener-policy": "same-origin",
        "cross-origin-resource-policy": "same-origin",
        "origin-agent-cluster": "?1",
        "referrer-policy": "no-referrer",
        "strict-transport-security": "max-age=31536000; includeSubDomains",
        "x-content-type-options": "nosniff",
        "x-dns-prefetch-control": "off",
        "x-download-options": "noopen",
        "x-frame-options": "SAMEORIGIN",
        "x-permitted-cross-domain-policies": "none",
        "x-xss-protection": "0",
        "access-control-allow-origin": "http://localhost:5173",
        "vary": "Origin, Access-Control-Request-Headers",
        "access-control-allow-credentials": "true",
        "access-control-allow-methods": "GET,HEAD,PUT,PATCH,POST,DELETE",
        "access-control-allow-headers": "authorization",
        "content-length": "0"
      }
    }
    [35mresponseTime[39m: 1
[2026-06-19 08:23:23.754 -0600] [32mINFO[39m (21704): [36mrequest completed[39m
    [35mreq[39m: {
      "id": 14,
      "method": "OPTIONS",
      "url": "/api/notifications/me?limit=5",
      "remoteAddress": "::1",
      "remotePort": 54966
    }
    [35mres[39m: {
      "statusCode": 204,
      "headers": {
        "content-security-policy": "default-src 'self';base-uri 'self';font-src 'self' https: data:;form-action 'self';frame-ancestors 'self';img-src 'self' data:;object-src 'none';script-src 'self';script-src-attr 'none';style-src 'self' https: 'unsafe-inline';upgrade-insecure-requests",
        "cross-origin-opener-policy": "same-origin",
        "cross-origin-resource-policy": "same-origin",
        "origin-agent-cluster": "?1",
        "referrer-policy": "no-referrer",
        "strict-transport-security": "max-age=31536000; includeSubDomains",
        "x-content-type-options": "nosniff",
        "x-dns-prefetch-control": "off",
        "x-download-options": "noopen",
        "x-frame-options": "SAMEORIGIN",
        "x-permitted-cross-domain-policies": "none",
        "x-xss-protection": "0",
        "access-control-allow-origin": "http://localhost:5173",
        "vary": "Origin, Access-Control-Request-Headers",
        "access-control-allow-credentials": "true",
        "access-control-allow-methods": "GET,HEAD,PUT,PATCH,POST,DELETE",
        "access-control-allow-headers": "authorization",
        "content-length": "0"
      }
    }
    [35mresponseTime[39m: 0
[2026-06-19 08:23:23.777 -0600] [32mINFO[39m (21704): [36mrequest completed[39m
    [35mreq[39m: {
      "id": 15,
      "method": "GET",
      "url": "/api/notifications/me/unread-count",
      "remoteAddress": "::1",
      "remotePort": 54586
    }
    [35mres[39m: {
      "statusCode": 200,
      "headers": {
        "content-security-policy": "default-src 'self';base-uri 'self';font-src 'self' https: data:;form-action 'self';frame-ancestors 'self';img-src 'self' data:;object-src 'none';script-src 'self';script-src-attr 'none';style-src 'self' https: 'unsafe-inline';upgrade-insecure-requests",
        "cross-origin-opener-policy": "same-origin",
        "cross-origin-resource-policy": "same-origin",
        "origin-agent-cluster": "?1",
        "referrer-policy": "no-referrer",
        "strict-transport-security": "max-age=31536000; includeSubDomains",
        "x-content-type-options": "nosniff",
        "x-dns-prefetch-control": "off",
        "x-download-options": "noopen",
        "x-frame-options": "SAMEORIGIN",
        "x-permitted-cross-domain-policies": "none",
        "x-xss-protection": "0",
        "access-control-allow-origin": "http://localhost:5173",
        "vary": "Origin, Accept-Encoding",
        "access-control-allow-credentials": "true",
        "ratelimit-policy": "2000;w=900",
        "ratelimit": "limit=2000, remaining=1992, reset=768",
        "content-type": "application/json; charset=utf-8",
        "content-length": "35",
        "etag": "W/\"23-sVNdPwYucKiZx+sWLm+VEJxrKB0\""
      }
    }
    [35mresponseTime[39m: 22
[2026-06-19 08:23:23.782 -0600] [32mINFO[39m (21704): [36mrequest completed[39m
    [35mreq[39m: {
      "id": 16,
      "method": "GET",
      "url": "/api/notifications/me?limit=5",
      "remoteAddress": "::1",
      "remotePort": 60159
    }
    [35mres[39m: {
      "statusCode": 200,
      "headers": {
        "content-security-policy": "default-src 'self';base-uri 'self';font-src 'self' https: data:;form-action 'self';frame-ancestors 'self';img-src 'self' data:;object-src 'none';script-src 'self';script-src-attr 'none';style-src 'self' https: 'unsafe-inline';upgrade-insecure-requests",
        "cross-origin-opener-policy": "same-origin",
        "cross-origin-resource-policy": "same-origin",
        "origin-agent-cluster": "?1",
        "referrer-policy": "no-referrer",
        "strict-transport-security": "max-age=31536000; includeSubDomains",
        "x-content-type-options": "nosniff",
        "x-dns-prefetch-control": "off",
        "x-download-options": "noopen",
        "x-frame-options": "SAMEORIGIN",
        "x-permitted-cross-domain-policies": "none",
        "x-xss-protection": "0",
        "access-control-allow-origin": "http://localhost:5173",
        "vary": "Origin, Accept-Encoding",
        "access-control-allow-credentials": "true",
        "ratelimit-policy": "2000;w=900",
        "ratelimit": "limit=2000, remaining=1991, reset=768",
        "content-type": "application/json; charset=utf-8",
        "content-length": "551",
        "etag": "W/\"227-0ImeHvANUMhU6SOrtDC68Y+dpFE\""
      }
    }
    [35mresponseTime[39m: 24
[2026-06-19 08:23:24.192 -0600] [32mINFO[39m (21704): [36mrequest completed[39m
    [35mreq[39m: {
      "id": 17,
      "method": "OPTIONS",
      "url": "/api/tickets/me?limit=5&sortBy=createdAt&sortOrder=desc",
      "remoteAddress": "::1",
      "remotePort": 54966
    }
    [35mres[39m: {
      "statusCode": 204,
      "headers": {
        "content-security-policy": "default-src 'self';base-uri 'self';font-src 'self' https: data:;form-action 'self';frame-ancestors 'self';img-src 'self' data:;object-src 'none';script-src 'self';script-src-attr 'none';style-src 'self' https: 'unsafe-inline';upgrade-insecure-requests",
        "cross-origin-opener-policy": "same-origin",
        "cross-origin-resource-policy": "same-origin",
        "origin-agent-cluster": "?1",
        "referrer-policy": "no-referrer",
        "strict-transport-security": "max-age=31536000; includeSubDomains",
        "x-content-type-options": "nosniff",
        "x-dns-prefetch-control": "off",
        "x-download-options": "noopen",
        "x-frame-options": "SAMEORIGIN",
        "x-permitted-cross-domain-policies": "none",
        "x-xss-protection": "0",
        "access-control-allow-origin": "http://localhost:5173",
        "vary": "Origin, Access-Control-Request-Headers",
        "access-control-allow-credentials": "true",
        "access-control-allow-methods": "GET,HEAD,PUT,PATCH,POST,DELETE",
        "access-control-allow-headers": "authorization",
        "content-length": "0"
      }
    }
    [35mresponseTime[39m: 0
[2026-06-19 08:23:24.193 -0600] [32mINFO[39m (21704): [36mrequest completed[39m
    [35mreq[39m: {
      "id": 18,
      "method": "OPTIONS",
      "url": "/api/tickets/me?limit=5&sortBy=createdAt&sortOrder=desc",
      "remoteAddress": "::1",
      "remotePort": 62830
    }
    [35mres[39m: {
      "statusCode": 204,
      "headers": {
        "content-security-policy": "default-src 'self';base-uri 'self';font-src 'self' https: data:;form-action 'self';frame-ancestors 'self';img-src 'self' data:;object-src 'none';script-src 'self';script-src-attr 'none';style-src 'self' https: 'unsafe-inline';upgrade-insecure-requests",
        "cross-origin-opener-policy": "same-origin",
        "cross-origin-resource-policy": "same-origin",
        "origin-agent-cluster": "?1",
        "referrer-policy": "no-referrer",
        "strict-transport-security": "max-age=31536000; includeSubDomains",
        "x-content-type-options": "nosniff",
        "x-dns-prefetch-control": "off",
        "x-download-options": "noopen",
        "x-frame-options": "SAMEORIGIN",
        "x-permitted-cross-domain-policies": "none",
        "x-xss-protection": "0",
        "access-control-allow-origin": "http://localhost:5173",
        "vary": "Origin, Access-Control-Request-Headers",
        "access-control-allow-credentials": "true",
        "access-control-allow-methods": "GET,HEAD,PUT,PATCH,POST,DELETE",
        "access-control-allow-headers": "authorization",
        "content-length": "0"
      }
    }
    [35mresponseTime[39m: 0
[2026-06-19 08:23:24.202 -0600] [32mINFO[39m (21704): [36mrequest completed[39m
    [35mreq[39m: {
      "id": 19,
      "method": "GET",
      "url": "/api/notifications/me?limit=5",
      "remoteAddress": "::1",
      "remotePort": 60159
    }
    [35mres[39m: {
      "statusCode": 304,
      "headers": {
        "content-security-policy": "default-src 'self';base-uri 'self';font-src 'self' https: data:;form-action 'self';frame-ancestors 'self';img-src 'self' data:;object-src 'none';script-src 'self';script-src-attr 'none';style-src 'self' https: 'unsafe-inline';upgrade-insecure-requests",
        "cross-origin-opener-policy": "same-origin",
        "cross-origin-resource-policy": "same-origin",
        "origin-agent-cluster": "?1",
        "referrer-policy": "no-referrer",
        "strict-transport-security": "max-age=31536000; includeSubDomains",
        "x-content-type-options": "nosniff",
        "x-dns-prefetch-control": "off",
        "x-download-options": "noopen",
        "x-frame-options": "SAMEORIGIN",
        "x-permitted-cross-domain-policies": "none",
        "x-xss-protection": "0",
        "access-control-allow-origin": "http://localhost:5173",
        "vary": "Origin",
        "access-control-allow-credentials": "true",
        "ratelimit-policy": "2000;w=900",
        "ratelimit": "limit=2000, remaining=1990, reset=767",
        "etag": "W/\"227-0ImeHvANUMhU6SOrtDC68Y+dpFE\""
      }
    }
    [35mresponseTime[39m: 9
[2026-06-19 08:23:24.213 -0600] [32mINFO[39m (21704): [36mrequest completed[39m
    [35mreq[39m: {
      "id": 21,
      "method": "GET",
      "url": "/api/notifications/me?limit=5",
      "remoteAddress": "::1",
      "remotePort": 60159
    }
    [35mres[39m: {
      "statusCode": 304,
      "headers": {
        "content-security-policy": "default-src 'self';base-uri 'self';font-src 'self' https: data:;form-action 'self';frame-ancestors 'self';img-src 'self' data:;object-src 'none';script-src 'self';script-src-attr 'none';style-src 'self' https: 'unsafe-inline';upgrade-insecure-requests",
        "cross-origin-opener-policy": "same-origin",
        "cross-origin-resource-policy": "same-origin",
        "origin-agent-cluster": "?1",
        "referrer-policy": "no-referrer",
        "strict-transport-security": "max-age=31536000; includeSubDomains",
        "x-content-type-options": "nosniff",
        "x-dns-prefetch-control": "off",
        "x-download-options": "noopen",
        "x-frame-options": "SAMEORIGIN",
        "x-permitted-cross-domain-policies": "none",
        "x-xss-protection": "0",
        "access-control-allow-origin": "http://localhost:5173",
        "vary": "Origin",
        "access-control-allow-credentials": "true",
        "ratelimit-policy": "2000;w=900",
        "ratelimit": "limit=2000, remaining=1988, reset=767",
        "etag": "W/\"227-0ImeHvANUMhU6SOrtDC68Y+dpFE\""
      }
    }
    [35mresponseTime[39m: 11
[2026-06-19 08:23:24.251 -0600] [32mINFO[39m (21704): [36mrequest completed[39m
    [35mreq[39m: {
      "id": 20,
      "method": "GET",
      "url": "/api/tickets/me?limit=5&sortBy=createdAt&sortOrder=desc",
      "remoteAddress": "::1",
      "remotePort": 54586
    }
    [35mres[39m: {
      "statusCode": 200,
      "headers": {
        "content-security-policy": "default-src 'self';base-uri 'self';font-src 'self' https: data:;form-action 'self';frame-ancestors 'self';img-src 'self' data:;object-src 'none';script-src 'self';script-src-attr 'none';style-src 'self' https: 'unsafe-inline';upgrade-insecure-requests",
        "cross-origin-opener-policy": "same-origin",
        "cross-origin-resource-policy": "same-origin",
        "origin-agent-cluster": "?1",
        "referrer-policy": "no-referrer",
        "strict-transport-security": "max-age=31536000; includeSubDomains",
        "x-content-type-options": "nosniff",
        "x-dns-prefetch-control": "off",
        "x-download-options": "noopen",
        "x-frame-options": "SAMEORIGIN",
        "x-permitted-cross-domain-policies": "none",
        "x-xss-protection": "0",
        "access-control-allow-origin": "http://localhost:5173",
        "vary": "Origin, Accept-Encoding",
        "access-control-allow-credentials": "true",
        "ratelimit-policy": "2000;w=900",
        "ratelimit": "limit=2000, remaining=1989, reset=767",
        "content-type": "application/json; charset=utf-8",
        "etag": "W/\"ecd-S9HSB7pgJPqgQsSz8DJ+wuW3P8I\"",
        "content-encoding": "br"
      }
    }
    [35mresponseTime[39m: 57
[2026-06-19 08:23:24.267 -0600] [32mINFO[39m (21704): [36mrequest completed[39m
    [35mreq[39m: {
      "id": 22,
      "method": "GET",
      "url": "/api/tickets/me?limit=5&sortBy=createdAt&sortOrder=desc",
      "remoteAddress": "::1",
      "remotePort": 60159
    }
    [35mres[39m: {
      "statusCode": 304,
      "headers": {
        "content-security-policy": "default-src 'self';base-uri 'self';font-src 'self' https: data:;form-action 'self';frame-ancestors 'self';img-src 'self' data:;object-src 'none';script-src 'self';script-src-attr 'none';style-src 'self' https: 'unsafe-inline';upgrade-insecure-requests",
        "cross-origin-opener-policy": "same-origin",
        "cross-origin-resource-policy": "same-origin",
        "origin-agent-cluster": "?1",
        "referrer-policy": "no-referrer",
        "strict-transport-security": "max-age=31536000; includeSubDomains",
        "x-content-type-options": "nosniff",
        "x-dns-prefetch-control": "off",
        "x-download-options": "noopen",
        "x-frame-options": "SAMEORIGIN",
        "x-permitted-cross-domain-policies": "none",
        "x-xss-protection": "0",
        "access-control-allow-origin": "http://localhost:5173",
        "vary": "Origin",
        "access-control-allow-credentials": "true",
        "ratelimit-policy": "2000;w=900",
        "ratelimit": "limit=2000, remaining=1987, reset=767",
        "etag": "W/\"ecd-S9HSB7pgJPqgQsSz8DJ+wuW3P8I\""
      }
    }
    [35mresponseTime[39m: 16
[2026-06-19 08:23:30.821 -0600] [32mINFO[39m (21704): [36mrequest completed[39m
    [35mreq[39m: {
      "id": 23,
      "method": "OPTIONS",
      "url": "/api/auth/logout",
      "remoteAddress": "::1",
      "remotePort": 65199
    }
    [35mres[39m: {
      "statusCode": 204,
      "headers": {
        "content-security-policy": "default-src 'self';base-uri 'self';font-src 'self' https: data:;form-action 'self';frame-ancestors 'self';img-src 'self' data:;object-src 'none';script-src 'self';script-src-attr 'none';style-src 'self' https: 'unsafe-inline';upgrade-insecure-requests",
        "cross-origin-opener-policy": "same-origin",
        "cross-origin-resource-policy": "same-origin",
        "origin-agent-cluster": "?1",
        "referrer-policy": "no-referrer",
        "strict-transport-security": "max-age=31536000; includeSubDomains",
        "x-content-type-options": "nosniff",
        "x-dns-prefetch-control": "off",
        "x-download-options": "noopen",
        "x-frame-options": "SAMEORIGIN",
        "x-permitted-cross-domain-policies": "none",
        "x-xss-protection": "0",
        "access-control-allow-origin": "http://localhost:5173",
        "vary": "Origin, Access-Control-Request-Headers",
        "access-control-allow-credentials": "true",
        "access-control-allow-methods": "GET,HEAD,PUT,PATCH,POST,DELETE",
        "access-control-allow-headers": "authorization,content-type",
        "content-length": "0"
      }
    }
    [35mresponseTime[39m: 0
[2026-06-19 08:23:30.828 -0600] [32mINFO[39m (21704): [36mrequest completed[39m
    [35mreq[39m: {
      "id": 24,
      "method": "POST",
      "url": "/api/auth/logout",
      "remoteAddress": "::1",
      "remotePort": 56483
    }
    [35mres[39m: {
      "statusCode": 200,
      "headers": {
        "content-security-policy": "default-src 'self';base-uri 'self';font-src 'self' https: data:;form-action 'self';frame-ancestors 'self';img-src 'self' data:;object-src 'none';script-src 'self';script-src-attr 'none';style-src 'self' https: 'unsafe-inline';upgrade-insecure-requests",
        "cross-origin-opener-policy": "same-origin",
        "cross-origin-resource-policy": "same-origin",
        "origin-agent-cluster": "?1",
        "referrer-policy": "no-referrer",
        "strict-transport-security": "max-age=31536000; includeSubDomains",
        "x-content-type-options": "nosniff",
        "x-dns-prefetch-control": "off",
        "x-download-options": "noopen",
        "x-frame-options": "SAMEORIGIN",
        "x-permitted-cross-domain-policies": "none",
        "x-xss-protection": "0",
        "access-control-allow-origin": "http://localhost:5173",
        "vary": "Origin, Accept-Encoding",
        "access-control-allow-credentials": "true",
        "ratelimit-policy": "200;w=900",
        "ratelimit": "limit=200, remaining=195, reset=861",
        "content-type": "application/json; charset=utf-8",
        "content-length": "81",
        "etag": "W/\"51-SzYlo7kbihl2WduBQfWvYfRAKIM\""
      }
    }
    [35mresponseTime[39m: 6
[2026-06-19 08:28:15.550 -0600] [32mINFO[39m (21704): [36mrequest completed[39m
    [35mreq[39m: {
      "id": 25,
      "method": "OPTIONS",
      "url": "/api/auth/refresh",
      "remoteAddress": "::1",
      "remotePort": 57368
    }
    [35mres[39m: {
      "statusCode": 204,
      "headers": {
        "content-security-policy": "default-src 'self';base-uri 'self';font-src 'self' https: data:;form-action 'self';frame-ancestors 'self';img-src 'self' data:;object-src 'none';script-src 'self';script-src-attr 'none';style-src 'self' https: 'unsafe-inline';upgrade-insecure-requests",
        "cross-origin-opener-policy": "same-origin",
        "cross-origin-resource-policy": "same-origin",
        "origin-agent-cluster": "?1",
        "referrer-policy": "no-referrer",
        "strict-transport-security": "max-age=31536000; includeSubDomains",
        "x-content-type-options": "nosniff",
        "x-dns-prefetch-control": "off",
        "x-download-options": "noopen",
        "x-frame-options": "SAMEORIGIN",
        "x-permitted-cross-domain-policies": "none",
        "x-xss-protection": "0",
        "access-control-allow-origin": "http://localhost:5173",
        "vary": "Origin, Access-Control-Request-Headers",
        "access-control-allow-credentials": "true",
        "access-control-allow-methods": "GET,HEAD,PUT,PATCH,POST,DELETE",
        "access-control-allow-headers": "content-type",
        "content-length": "0"
      }
    }
    [35mresponseTime[39m: 1
[2026-06-19 08:28:15.551 -0600] [32mINFO[39m (21704): [36mrequest completed[39m
    [35mreq[39m: {
      "id": 26,
      "method": "OPTIONS",
      "url": "/api/auth/refresh",
      "remoteAddress": "::1",
      "remotePort": 56173
    }
    [35mres[39m: {
      "statusCode": 204,
      "headers": {
        "content-security-policy": "default-src 'self';base-uri 'self';font-src 'self' https: data:;form-action 'self';frame-ancestors 'self';img-src 'self' data:;object-src 'none';script-src 'self';script-src-attr 'none';style-src 'self' https: 'unsafe-inline';upgrade-insecure-requests",
        "cross-origin-opener-policy": "same-origin",
        "cross-origin-resource-policy": "same-origin",
        "origin-agent-cluster": "?1",
        "referrer-policy": "no-referrer",
        "strict-transport-security": "max-age=31536000; includeSubDomains",
        "x-content-type-options": "nosniff",
        "x-dns-prefetch-control": "off",
        "x-download-options": "noopen",
        "x-frame-options": "SAMEORIGIN",
        "x-permitted-cross-domain-policies": "none",
        "x-xss-protection": "0",
        "access-control-allow-origin": "http://localhost:5173",
        "vary": "Origin, Access-Control-Request-Headers",
        "access-control-allow-credentials": "true",
        "access-control-allow-methods": "GET,HEAD,PUT,PATCH,POST,DELETE",
        "access-control-allow-headers": "content-type",
        "content-length": "0"
      }
    }
    [35mresponseTime[39m: 0
[2026-06-19 08:28:15.614 -0600] [32mINFO[39m (21704): [36mrequest completed[39m
    [35mreq[39m: {
      "id": 27,
      "method": "POST",
      "url": "/api/auth/refresh",
      "remoteAddress": "::1",
      "remotePort": 49668
    }
    [35mres[39m: {
      "statusCode": 401,
      "headers": {
        "content-security-policy": "default-src 'self';base-uri 'self';font-src 'self' https: data:;form-action 'self';frame-ancestors 'self';img-src 'self' data:;object-src 'none';script-src 'self';script-src-attr 'none';style-src 'self' https: 'unsafe-inline';upgrade-insecure-requests",
        "cross-origin-opener-policy": "same-origin",
        "cross-origin-resource-policy": "same-origin",
        "origin-agent-cluster": "?1",
        "referrer-policy": "no-referrer",
        "strict-transport-security": "max-age=31536000; includeSubDomains",
        "x-content-type-options": "nosniff",
        "x-dns-prefetch-control": "off",
        "x-download-options": "noopen",
        "x-frame-options": "SAMEORIGIN",
        "x-permitted-cross-domain-policies": "none",
        "x-xss-protection": "0",
        "access-control-allow-origin": "http://localhost:5173",
        "vary": "Origin, Accept-Encoding",
        "access-control-allow-credentials": "true",
        "ratelimit-policy": "200;w=900",
        "ratelimit": "limit=200, remaining=195, reset=576",
        "content-type": "application/json; charset=utf-8",
        "content-length": "75",
        "etag": "W/\"4b-9r0HGos4Be+vfi4RaOOovz7YvUw\""
      }
    }
    [35mresponseTime[39m: 59
[2026-06-19 08:28:15.628 -0600] [32mINFO[39m (21704): [36mrequest completed[39m
    [35mreq[39m: {
      "id": 28,
      "method": "POST",
      "url": "/api/auth/refresh",
      "remoteAddress": "::1",
      "remotePort": 50584
    }
    [35mres[39m: {
      "statusCode": 401,
      "headers": {
        "content-security-policy": "default-src 'self';base-uri 'self';font-src 'self' https: data:;form-action 'self';frame-ancestors 'self';img-src 'self' data:;object-src 'none';script-src 'self';script-src-attr 'none';style-src 'self' https: 'unsafe-inline';upgrade-insecure-requests",
        "cross-origin-opener-policy": "same-origin",
        "cross-origin-resource-policy": "same-origin",
        "origin-agent-cluster": "?1",
        "referrer-policy": "no-referrer",
        "strict-transport-security": "max-age=31536000; includeSubDomains",
        "x-content-type-options": "nosniff",
        "x-dns-prefetch-control": "off",
        "x-download-options": "noopen",
        "x-frame-options": "SAMEORIGIN",
        "x-permitted-cross-domain-policies": "none",
        "x-xss-protection": "0",
        "access-control-allow-origin": "http://localhost:5173",
        "vary": "Origin, Accept-Encoding",
        "access-control-allow-credentials": "true",
        "ratelimit-policy": "200;w=900",
        "ratelimit": "limit=200, remaining=194, reset=576",
        "content-type": "application/json; charset=utf-8",
        "content-length": "75",
        "etag": "W/\"4b-9r0HGos4Be+vfi4RaOOovz7YvUw\""
      }
    }
    [35mresponseTime[39m: 72
[2026-06-19 08:29:06.837 -0600] [32mINFO[39m (21704): [36mrequest completed[39m
    [35mreq[39m: {
      "id": 29,
      "method": "OPTIONS",
      "url": "/api/auth/refresh",
      "remoteAddress": "::1",
      "remotePort": 61452
    }
    [35mres[39m: {
      "statusCode": 204,
      "headers": {
        "content-security-policy": "default-src 'self';base-uri 'self';font-src 'self' https: data:;form-action 'self';frame-ancestors 'self';img-src 'self' data:;object-src 'none';script-src 'self';script-src-attr 'none';style-src 'self' https: 'unsafe-inline';upgrade-insecure-requests",
        "cross-origin-opener-policy": "same-origin",
        "cross-origin-resource-policy": "same-origin",
        "origin-agent-cluster": "?1",
        "referrer-policy": "no-referrer",
        "strict-transport-security": "max-age=31536000; includeSubDomains",
        "x-content-type-options": "nosniff",
        "x-dns-prefetch-control": "off",
        "x-download-options": "noopen",
        "x-frame-options": "SAMEORIGIN",
        "x-permitted-cross-domain-policies": "none",
        "x-xss-protection": "0",
        "access-control-allow-origin": "http://localhost:5173",
        "vary": "Origin, Access-Control-Request-Headers",
        "access-control-allow-credentials": "true",
        "access-control-allow-methods": "GET,HEAD,PUT,PATCH,POST,DELETE",
        "access-control-allow-headers": "content-type",
        "content-length": "0"
      }
    }
    [35mresponseTime[39m: 1
[2026-06-19 08:29:06.839 -0600] [32mINFO[39m (21704): [36mrequest completed[39m
    [35mreq[39m: {
      "id": 30,
      "method": "OPTIONS",
      "url": "/api/auth/refresh",
      "remoteAddress": "::1",
      "remotePort": 62205
    }
    [35mres[39m: {
      "statusCode": 204,
      "headers": {
        "content-security-policy": "default-src 'self';base-uri 'self';font-src 'self' https: data:;form-action 'self';frame-ancestors 'self';img-src 'self' data:;object-src 'none';script-src 'self';script-src-attr 'none';style-src 'self' https: 'unsafe-inline';upgrade-insecure-requests",
        "cross-origin-opener-policy": "same-origin",
        "cross-origin-resource-policy": "same-origin",
        "origin-agent-cluster": "?1",
        "referrer-policy": "no-referrer",
        "strict-transport-security": "max-age=31536000; includeSubDomains",
        "x-content-type-options": "nosniff",
        "x-dns-prefetch-control": "off",
        "x-download-options": "noopen",
        "x-frame-options": "SAMEORIGIN",
        "x-permitted-cross-domain-policies": "none",
        "x-xss-protection": "0",
        "access-control-allow-origin": "http://localhost:5173",
        "vary": "Origin, Access-Control-Request-Headers",
        "access-control-allow-credentials": "true",
        "access-control-allow-methods": "GET,HEAD,PUT,PATCH,POST,DELETE",
        "access-control-allow-headers": "content-type",
        "content-length": "0"
      }
    }
    [35mresponseTime[39m: 1
[2026-06-19 08:29:06.852 -0600] [32mINFO[39m (21704): [36mrequest completed[39m
    [35mreq[39m: {
      "id": 31,
      "method": "POST",
      "url": "/api/auth/refresh",
      "remoteAddress": "::1",
      "remotePort": 52472
    }
    [35mres[39m: {
      "statusCode": 401,
      "headers": {
        "content-security-policy": "default-src 'self';base-uri 'self';font-src 'self' https: data:;form-action 'self';frame-ancestors 'self';img-src 'self' data:;object-src 'none';script-src 'self';script-src-attr 'none';style-src 'self' https: 'unsafe-inline';upgrade-insecure-requests",
        "cross-origin-opener-policy": "same-origin",
        "cross-origin-resource-policy": "same-origin",
        "origin-agent-cluster": "?1",
        "referrer-policy": "no-referrer",
        "strict-transport-security": "max-age=31536000; includeSubDomains",
        "x-content-type-options": "nosniff",
        "x-dns-prefetch-control": "off",
        "x-download-options": "noopen",
        "x-frame-options": "SAMEORIGIN",
        "x-permitted-cross-domain-policies": "none",
        "x-xss-protection": "0",
        "access-control-allow-origin": "http://localhost:5173",
        "vary": "Origin, Accept-Encoding",
        "access-control-allow-credentials": "true",
        "ratelimit-policy": "200;w=900",
        "ratelimit": "limit=200, remaining=193, reset=525",
        "content-type": "application/json; charset=utf-8",
        "content-length": "75",
        "etag": "W/\"4b-9r0HGos4Be+vfi4RaOOovz7YvUw\""
      }
    }
    [35mresponseTime[39m: 3
[2026-06-19 08:29:06.859 -0600] [32mINFO[39m (21704): [36mrequest completed[39m
    [35mreq[39m: {
      "id": 32,
      "method": "POST",
      "url": "/api/auth/refresh",
      "remoteAddress": "::1",
      "remotePort": 52472
    }
    [35mres[39m: {
      "statusCode": 401,
      "headers": {
        "content-security-policy": "default-src 'self';base-uri 'self';font-src 'self' https: data:;form-action 'self';frame-ancestors 'self';img-src 'self' data:;object-src 'none';script-src 'self';script-src-attr 'none';style-src 'self' https: 'unsafe-inline';upgrade-insecure-requests",
        "cross-origin-opener-policy": "same-origin",
        "cross-origin-resource-policy": "same-origin",
        "origin-agent-cluster": "?1",
        "referrer-policy": "no-referrer",
        "strict-transport-security": "max-age=31536000; includeSubDomains",
        "x-content-type-options": "nosniff",
        "x-dns-prefetch-control": "off",
        "x-download-options": "noopen",
        "x-frame-options": "SAMEORIGIN",
        "x-permitted-cross-domain-policies": "none",
        "x-xss-protection": "0",
        "access-control-allow-origin": "http://localhost:5173",
        "vary": "Origin, Accept-Encoding",
        "access-control-allow-credentials": "true",
        "ratelimit-policy": "200;w=900",
        "ratelimit": "limit=200, remaining=192, reset=525",
        "content-type": "application/json; charset=utf-8",
        "content-length": "75",
        "etag": "W/\"4b-9r0HGos4Be+vfi4RaOOovz7YvUw\""
      }
    }
    [35mresponseTime[39m: 2
[2026-06-19 08:29:17.493 -0600] [32mINFO[39m (21704): [36mrequest completed[39m
    [35mreq[39m: {
      "id": 33,
      "method": "OPTIONS",
      "url": "/api/auth/refresh",
      "remoteAddress": "::1",
      "remotePort": 54925
    }
    [35mres[39m: {
      "statusCode": 204,
      "headers": {
        "content-security-policy": "default-src 'self';base-uri 'self';font-src 'self' https: data:;form-action 'self';frame-ancestors 'self';img-src 'self' data:;object-src 'none';script-src 'self';script-src-attr 'none';style-src 'self' https: 'unsafe-inline';upgrade-insecure-requests",
        "cross-origin-opener-policy": "same-origin",
        "cross-origin-resource-policy": "same-origin",
        "origin-agent-cluster": "?1",
        "referrer-policy": "no-referrer",
        "strict-transport-security": "max-age=31536000; includeSubDomains",
        "x-content-type-options": "nosniff",
        "x-dns-prefetch-control": "off",
        "x-download-options": "noopen",
        "x-frame-options": "SAMEORIGIN",
        "x-permitted-cross-domain-policies": "none",
        "x-xss-protection": "0",
        "access-control-allow-origin": "http://localhost:5173",
        "vary": "Origin, Access-Control-Request-Headers",
        "access-control-allow-credentials": "true",
        "access-control-allow-methods": "GET,HEAD,PUT,PATCH,POST,DELETE",
        "access-control-allow-headers": "content-type",
        "content-length": "0"
      }
    }
    [35mresponseTime[39m: 0
[2026-06-19 08:29:17.502 -0600] [32mINFO[39m (21704): [36mrequest completed[39m
    [35mreq[39m: {
      "id": 34,
      "method": "OPTIONS",
      "url": "/api/auth/refresh",
      "remoteAddress": "::1",
      "remotePort": 54925
    }
    [35mres[39m: {
      "statusCode": 204,
      "headers": {
        "content-security-policy": "default-src 'self';base-uri 'self';font-src 'self' https: data:;form-action 'self';frame-ancestors 'self';img-src 'self' data:;object-src 'none';script-src 'self';script-src-attr 'none';style-src 'self' https: 'unsafe-inline';upgrade-insecure-requests",
        "cross-origin-opener-policy": "same-origin",
        "cross-origin-resource-policy": "same-origin",
        "origin-agent-cluster": "?1",
        "referrer-policy": "no-referrer",
        "strict-transport-security": "max-age=31536000; includeSubDomains",
        "x-content-type-options": "nosniff",
        "x-dns-prefetch-control": "off",
        "x-download-options": "noopen",
        "x-frame-options": "SAMEORIGIN",
        "x-permitted-cross-domain-policies": "none",
        "x-xss-protection": "0",
        "access-control-allow-origin": "http://localhost:5173",
        "vary": "Origin, Access-Control-Request-Headers",
        "access-control-allow-credentials": "true",
        "access-control-allow-methods": "GET,HEAD,PUT,PATCH,POST,DELETE",
        "access-control-allow-headers": "content-type",
        "content-length": "0"
      }
    }
    [35mresponseTime[39m: 0
[2026-06-19 08:29:17.510 -0600] [32mINFO[39m (21704): [36mrequest completed[39m
    [35mreq[39m: {
      "id": 35,
      "method": "POST",
      "url": "/api/auth/refresh",
      "remoteAddress": "::1",
      "remotePort": 55647
    }
    [35mres[39m: {
      "statusCode": 401,
      "headers": {
        "content-security-policy": "default-src 'self';base-uri 'self';font-src 'self' https: data:;form-action 'self';frame-ancestors 'self';img-src 'self' data:;object-src 'none';script-src 'self';script-src-attr 'none';style-src 'self' https: 'unsafe-inline';upgrade-insecure-requests",
        "cross-origin-opener-policy": "same-origin",
        "cross-origin-resource-policy": "same-origin",
        "origin-agent-cluster": "?1",
        "referrer-policy": "no-referrer",
        "strict-transport-security": "max-age=31536000; includeSubDomains",
        "x-content-type-options": "nosniff",
        "x-dns-prefetch-control": "off",
        "x-download-options": "noopen",
        "x-frame-options": "SAMEORIGIN",
        "x-permitted-cross-domain-policies": "none",
        "x-xss-protection": "0",
        "access-control-allow-origin": "http://localhost:5173",
        "vary": "Origin, Accept-Encoding",
        "access-control-allow-credentials": "true",
        "ratelimit-policy": "200;w=900",
        "ratelimit": "limit=200, remaining=191, reset=514",
        "content-type": "application/json; charset=utf-8",
        "content-length": "75",
        "etag": "W/\"4b-9r0HGos4Be+vfi4RaOOovz7YvUw\""
      }
    }
    [35mresponseTime[39m: 4
[2026-06-19 08:29:17.510 -0600] [32mINFO[39m (21704): [36mrequest completed[39m
    [35mreq[39m: {
      "id": 36,
      "method": "POST",
      "url": "/api/auth/refresh",
      "remoteAddress": "::1",
      "remotePort": 60303
    }
    [35mres[39m: {
      "statusCode": 401,
      "headers": {
        "content-security-policy": "default-src 'self';base-uri 'self';font-src 'self' https: data:;form-action 'self';frame-ancestors 'self';img-src 'self' data:;object-src 'none';script-src 'self';script-src-attr 'none';style-src 'self' https: 'unsafe-inline';upgrade-insecure-requests",
        "cross-origin-opener-policy": "same-origin",
        "cross-origin-resource-policy": "same-origin",
        "origin-agent-cluster": "?1",
        "referrer-policy": "no-referrer",
        "strict-transport-security": "max-age=31536000; includeSubDomains",
        "x-content-type-options": "nosniff",
        "x-dns-prefetch-control": "off",
        "x-download-options": "noopen",
        "x-frame-options": "SAMEORIGIN",
        "x-permitted-cross-domain-policies": "none",
        "x-xss-protection": "0",
        "access-control-allow-origin": "http://localhost:5173",
        "vary": "Origin, Accept-Encoding",
        "access-control-allow-credentials": "true",
        "ratelimit-policy": "200;w=900",
        "ratelimit": "limit=200, remaining=190, reset=514",
        "content-type": "application/json; charset=utf-8",
        "content-length": "75",
        "etag": "W/\"4b-9r0HGos4Be+vfi4RaOOovz7YvUw\""
      }
    }
    [35mresponseTime[39m: 2
[2026-06-19 08:30:00.189 -0600] [32mINFO[39m (21704): [36mIniciando job de verificacion SLA[39m
[2026-06-19 08:30:00.196 -0600] [32mINFO[39m (21704): [36mJob de verificacion SLA finalizado[39m
    [35mresult[39m: {
      "checkedAt": "2026-06-19T14:30:00.189Z",
      "breached": 0,
      "notified": 0
    }
[2026-06-19 08:38:04.419 -0600] [32mINFO[39m (21704): [36mrequest completed[39m
    [35mreq[39m: {
      "id": 37,
      "method": "OPTIONS",
      "url": "/api/auth/refresh",
      "remoteAddress": "::1",
      "remotePort": 52179
    }
    [35mres[39m: {
      "statusCode": 204,
      "headers": {
        "content-security-policy": "default-src 'self';base-uri 'self';font-src 'self' https: data:;form-action 'self';frame-ancestors 'self';img-src 'self' data:;object-src 'none';script-src 'self';script-src-attr 'none';style-src 'self' https: 'unsafe-inline';upgrade-insecure-requests",
        "cross-origin-opener-policy": "same-origin",
        "cross-origin-resource-policy": "same-origin",
        "origin-agent-cluster": "?1",
        "referrer-policy": "no-referrer",
        "strict-transport-security": "max-age=31536000; includeSubDomains",
        "x-content-type-options": "nosniff",
        "x-dns-prefetch-control": "off",
        "x-download-options": "noopen",
        "x-frame-options": "SAMEORIGIN",
        "x-permitted-cross-domain-policies": "none",
        "x-xss-protection": "0",
        "access-control-allow-origin": "http://localhost:5173",
        "vary": "Origin, Access-Control-Request-Headers",
        "access-control-allow-credentials": "true",
        "access-control-allow-methods": "GET,HEAD,PUT,PATCH,POST,DELETE",
        "access-control-allow-headers": "content-type",
        "content-length": "0"
      }
    }
    [35mresponseTime[39m: 1
[2026-06-19 08:38:04.422 -0600] [32mINFO[39m (21704): [36mrequest completed[39m
    [35mreq[39m: {
      "id": 38,
      "method": "OPTIONS",
      "url": "/api/auth/refresh",
      "remoteAddress": "::1",
      "remotePort": 52179
    }
    [35mres[39m: {
      "statusCode": 204,
      "headers": {
        "content-security-policy": "default-src 'self';base-uri 'self';font-src 'self' https: data:;form-action 'self';frame-ancestors 'self';img-src 'self' data:;object-src 'none';script-src 'self';script-src-attr 'none';style-src 'self' https: 'unsafe-inline';upgrade-insecure-requests",
        "cross-origin-opener-policy": "same-origin",
        "cross-origin-resource-policy": "same-origin",
        "origin-agent-cluster": "?1",
        "referrer-policy": "no-referrer",
        "strict-transport-security": "max-age=31536000; includeSubDomains",
        "x-content-type-options": "nosniff",
        "x-dns-prefetch-control": "off",
        "x-download-options": "noopen",
        "x-frame-options": "SAMEORIGIN",
        "x-permitted-cross-domain-policies": "none",
        "x-xss-protection": "0",
        "access-control-allow-origin": "http://localhost:5173",
        "vary": "Origin, Access-Control-Request-Headers",
        "access-control-allow-credentials": "true",
        "access-control-allow-methods": "GET,HEAD,PUT,PATCH,POST,DELETE",
        "access-control-allow-headers": "content-type",
        "content-length": "0"
      }
    }
    [35mresponseTime[39m: 0
[2026-06-19 08:38:04.486 -0600] [32mINFO[39m (21704): [36mrequest completed[39m
    [35mreq[39m: {
      "id": 39,
      "method": "POST",
      "url": "/api/auth/refresh",
      "remoteAddress": "::1",
      "remotePort": 63068
    }
    [35mres[39m: {
      "statusCode": 401,
      "headers": {
        "content-security-policy": "default-src 'self';base-uri 'self';font-src 'self' https: data:;form-action 'self';frame-ancestors 'self';img-src 'self' data:;object-src 'none';script-src 'self';script-src-attr 'none';style-src 'self' https: 'unsafe-inline';upgrade-insecure-requests",
        "cross-origin-opener-policy": "same-origin",
        "cross-origin-resource-policy": "same-origin",
        "origin-agent-cluster": "?1",
        "referrer-policy": "no-referrer",
        "strict-transport-security": "max-age=31536000; includeSubDomains",
        "x-content-type-options": "nosniff",
        "x-dns-prefetch-control": "off",
        "x-download-options": "noopen",
        "x-frame-options": "SAMEORIGIN",
        "x-permitted-cross-domain-policies": "none",
        "x-xss-protection": "0",
        "access-control-allow-origin": "http://localhost:5173",
        "vary": "Origin, Accept-Encoding",
        "access-control-allow-credentials": "true",
        "ratelimit-policy": "200;w=900",
        "ratelimit": "limit=200, remaining=199, reset=900",
        "content-type": "application/json; charset=utf-8",
        "content-length": "75",
        "etag": "W/\"4b-9r0HGos4Be+vfi4RaOOovz7YvUw\""
      }
    }
    [35mresponseTime[39m: 63
[2026-06-19 08:38:04.496 -0600] [32mINFO[39m (21704): [36mrequest completed[39m
    [35mreq[39m: {
      "id": 40,
      "method": "POST",
      "url": "/api/auth/refresh",
      "remoteAddress": "::1",
      "remotePort": 55231
    }
    [35mres[39m: {
      "statusCode": 401,
      "headers": {
        "content-security-policy": "default-src 'self';base-uri 'self';font-src 'self' https: data:;form-action 'self';frame-ancestors 'self';img-src 'self' data:;object-src 'none';script-src 'self';script-src-attr 'none';style-src 'self' https: 'unsafe-inline';upgrade-insecure-requests",
        "cross-origin-opener-policy": "same-origin",
        "cross-origin-resource-policy": "same-origin",
        "origin-agent-cluster": "?1",
        "referrer-policy": "no-referrer",
        "strict-transport-security": "max-age=31536000; includeSubDomains",
        "x-content-type-options": "nosniff",
        "x-dns-prefetch-control": "off",
        "x-download-options": "noopen",
        "x-frame-options": "SAMEORIGIN",
        "x-permitted-cross-domain-policies": "none",
        "x-xss-protection": "0",
        "access-control-allow-origin": "http://localhost:5173",
        "vary": "Origin, Accept-Encoding",
        "access-control-allow-credentials": "true",
        "ratelimit-policy": "200;w=900",
        "ratelimit": "limit=200, remaining=198, reset=900",
        "content-type": "application/json; charset=utf-8",
        "content-length": "75",
        "etag": "W/\"4b-9r0HGos4Be+vfi4RaOOovz7YvUw\""
      }
    }
    [35mresponseTime[39m: 71
