
> kollab-koncepts-reportes-backend@1.0.0 dev:web
> vite --host 0.0.0.0 --host 0.0.0.0


  [32m[1mVITE[22m v8.0.14[39m  [2mready in [0m[1m214[22m[2m[0m ms[22m

  [32m➜[39m  [1mLocal[22m:   [36mhttp://localhost:[1m5173[22m/[39m
  [32m➜[39m  [1mNetwork[22m: [36mhttp://192.168.0.9:[1m5173[22m/[39m
[2m8:51:30 a. m.[22m [36m[1m[vite][22m[39m [90m[2m(client)[22m[39m [32mhmr update [39m[2m/src/styles/globals.css, /src/pages/technician/DetalleTicket.jsx[22m
[2m9:02:00 a. m.[22m [36m[1m[vite][22m[39m [90m[2m(client)[22m[39m [32mhmr update [39m[2m/src/styles/globals.css[22m
[2m9:03:04 a. m.[22m [36m[1m[vite][22m[39m [90m[2m(client)[22m[39m [32mhmr update [39m[2m/src/styles/globals.css[22m
[2m9:03:29 a. m.[22m [36m[1m[vite][22m[39m [90m[2m(client)[22m[39m [32mhmr update [39m[2m/src/styles/globals.css[22m
[2m9:03:39 a. m.[22m [36m[1m[vite][22m[39m [90m[2m(client)[22m[39m [32mhmr update [39m[2m/src/styles/globals.css[22m
[2m9:03:53 a. m.[22m [36m[1m[vite][22m[39m [90m[2m(client)[22m[39m [32mhmr update [39m[2m/src/styles/globals.css[22m
[2m9:04:04 a. m.[22m [36m[1m[vite][22m[39m [90m[2m(client)[22m[39m [32mhmr update [39m[2m/src/styles/globals.css[22m
[2m9:04:13 a. m.[22m [36m[1m[vite][22m[39m [90m[2m(client)[22m[39m [32mhmr update [39m[2m/src/styles/globals.css[22m
[2m9:04:28 a. m.[22m [36m[1m[vite][22m[39m [90m[2m(client)[22m[39m [32mhmr update [39m[2m/src/styles/globals.css[22m
[2m9:04:51 a. m.[22m [36m[1m[vite][22m[39m [90m[2m(client)[22m[39m [32mhmr update [39m[2m/src/styles/globals.css[22m
[2m9:05:36 a. m.[22m [36m[1m[vite][22m[39m [90m[2m(client)[22m[39m [32mhmr update [39m[2m/src/styles/globals.css, /src/pages/technician/DetalleTicket.jsx[22m
[2m9:05:50 a. m.[22m [36m[1m[vite][22m[39m [90m[2m(client)[22m[39m [32mhmr update [39m[2m/src/styles/globals.css[22m
[2m9:06:01 a. m.[22m [36m[1m[vite][22m[39m [90m[2m(client)[22m[39m [32mhmr update [39m[2m/src/styles/globals.css[22m
[2m9:07:04 a. m.[22m [36m[1m[vite][22m[39m [90m[2m(client)[22m[39m [32mhmr update [39m[2m/src/styles/globals.css, /src/pages/technician/Reemplazos.jsx[22m
[2m9:08:02 a. m.[22m [36m[1m[vite][22m[39m [90m[2m(client)[22m[39m [32mhmr update [39m[2m/src/styles/globals.css, /src/layouts/TechnicianLayout.jsx[22m
[2m9:08:11 a. m.[22m [36m[1m[vite][22m[39m [90m[2m(client)[22m[39m [32mhmr update [39m[2m/src/routes/AppRouter.jsx, /src/styles/globals.css[22m
[2m9:21:15 a. m.[22m [36m[1m[vite][22m[39m [90m[2m(client)[22m[39m [32mhmr update [39m[2m/src/styles/globals.css[22m
[2m9:25:40 a. m.[22m [36m[1m[vite][22m[39m [90m[2m(client)[22m[39m [32mhmr update [39m[2m/src/styles/globals.css[22m
[2m9:26:42 a. m.[22m [36m[1m[vite][22m[39m [90m[2m(client)[22m[39m [32mhmr update [39m[2m/src/styles/globals.css[22m
[2m9:37:12 a. m.[22m [36m[1m[vite][22m[39m [90m[2m(client)[22m[39m [32mhmr update [39m[2m/src/styles/globals.css[22m
[2m9:37:30 a. m.[22m [36m[1m[vite][22m[39m [90m[2m(client)[22m[39m [32mhmr update [39m[2m/src/styles/globals.css, /src/pages/technician/Reemplazos.jsx[22m
[2m9:42:16 a. m.[22m [36m[1m[vite][22m[39m [90m[2m(client)[22m[39m [32mhmr update [39m[2m/src/styles/globals.css[22m
[2m9:42:26 a. m.[22m [36m[1m[vite][22m[39m [90m[2m(client)[22m[39m [32mhmr update [39m[2m/src/styles/globals.css[22m
[2m9:42:36 a. m.[22m [36m[1m[vite][22m[39m [90m[2m(client)[22m[39m [32mhmr update [39m[2m/src/styles/globals.css[22m
[2m9:43:00 a. m.[22m [36m[1m[vite][22m[39m [90m[2m(client)[22m[39m [32mhmr update [39m[2m/src/styles/globals.css, /src/pages/technician/DetalleTicket.jsx[22m
[2m9:43:22 a. m.[22m [36m[1m[vite][22m[39m [90m[2m(client)[22m[39m [32mhmr update [39m[2m/src/styles/globals.css, /src/pages/client/Dashboard.jsx, /src/pages/client/MisTickets.jsx, /src/pages/client/NuevoTicket.jsx, /src/pages/admin/Tickets.jsx, /src/pages/technician/Dashboard.jsx, /src/pages/technician/DetalleTicket.jsx, /src/pages/technician/TicketsAsignados.jsx, /src/pages/client/DetalleTicket.jsx[22m
[2m9:43:44 a. m.[22m [36m[1m[vite][22m[39m [90m[2m(client)[22m[39m [32mhmr update [39m[2m/src/styles/globals.css, /src/layouts/AppShell.jsx[22m
[2m9:54:29 a. m.[22m [36m[1m[vite][22m[39m [90m[2m(client)[22m[39m [32mhmr update [39m[2m/src/styles/globals.css[22m
[2m9:59:08 a. m.[22m [36m[1m[vite][22m[39m [90m[2m(client)[22m[39m [32mhmr update [39m[2m/src/styles/globals.css, /src/contexts/AuthContext.jsx, /src/pages/auth/Register.jsx, /src/contexts/NotificationContext.jsx, /src/pages/client/Dashboard.jsx, /src/pages/client/Notificaciones.jsx, /src/pages/technician/Notificaciones.jsx, /src/pages/client/MisTickets.jsx, /src/pages/client/NuevoTicket.jsx, /src/pages/admin/Tickets.jsx, /src/pages/technician/Dashboard.jsx, /src/pages/technician/DetalleTicket.jsx, /src/pages/technician/TicketsAsignados.jsx, /src/pages/client/DetalleTicket.jsx and 11 more[22m
[2m9:59:09 a. m.[22m [36m[1m[vite][22m[39m [90m[2m(client)[22m[39m [33mhmr invalidate [39m[2m/src/contexts/AuthContext.jsx[22m Could not Fast Refresh ("useAuthContext" export is incompatible). Learn more at https://github.com/vitejs/vite-plugin-react/tree/main/packages/plugin-react#consistent-components-exports
[2m9:59:09 a. m.[22m [36m[1m[vite][22m[39m [90m[2m(client)[22m[39m [32mhmr update [39m[2m/src/App.jsx, /src/routes/AppRouter.jsx, /src/routes/ProtectedRoute.jsx, /src/routes/RoleRoute.jsx, /src/layouts/AppShell.jsx, /src/pages/auth/Login.jsx, /src/pages/client/Notificaciones.jsx[22m
[2m9:59:09 a. m.[22m [36m[1m[vite][22m[39m [90m[2m(client)[22m[39m [33mhmr invalidate [39m[2m/src/contexts/NotificationContext.jsx[22m Could not Fast Refresh ("useNotificationContext" export is incompatible). Learn more at https://github.com/vitejs/vite-plugin-react/tree/main/packages/plugin-react#consistent-components-exports
[2m9:59:09 a. m.[22m [36m[1m[vite][22m[39m [90m[2m(client)[22m[39m [32mhmr update [39m[2m/src/contexts/AuthContext.jsx, /src/layouts/AppShell.jsx, /src/pages/client/Notificaciones.jsx, /src/pages/technician/Notificaciones.jsx[22m
[2m10:09:36 a. m.[22m [36m[1m[vite][22m[39m [90m[2m(client)[22m[39m [32mhmr update [39m[2m/src/styles/globals.css, /src/pages/client/NuevoTicket.jsx[22m
[2m10:09:45 a. m.[22m [36m[1m[vite][22m[39m [90m[2m(client)[22m[39m [32mhmr update [39m[2m/src/contexts/AuthContext.jsx, /src/styles/globals.css[22m
[2m10:09:46 a. m.[22m [36m[1m[vite][22m[39m [90m[2m(client)[22m[39m [33mhmr invalidate [39m[2m/src/contexts/AuthContext.jsx[22m Could not Fast Refresh ("useAuthContext" export is incompatible). Learn more at https://github.com/vitejs/vite-plugin-react/tree/main/packages/plugin-react#consistent-components-exports
[2m10:09:46 a. m.[22m [36m[1m[vite][22m[39m [90m[2m(client)[22m[39m [32mhmr update [39m[2m/src/App.jsx, /src/routes/AppRouter.jsx, /src/routes/ProtectedRoute.jsx, /src/routes/RoleRoute.jsx, /src/layouts/AppShell.jsx, /src/pages/auth/Login.jsx, /src/pages/client/Notificaciones.jsx, /src/pages/client/NuevoTicket.jsx[22m
[2m10:28:10 a. m.[22m [36m[1m[vite][22m[39m [90m[2m(client)[22m[39m [32mhmr update [39m[2m/src/styles/globals.css[22m
[2m10:33:57 a. m.[22m [36m[1m[vite][22m[39m [90m[2m(client)[22m[39m [32mhmr update [39m[2m/src/styles/globals.css[22m
[2m10:53:59 a. m.[22m [36m[1m[vite][22m[39m [90m[2m(client)[22m[39m [32mhmr update [39m[2m/src/styles/globals.css[22m
[2m10:54:28 a. m.[22m [36m[1m[vite][22m[39m [90m[2m(client)[22m[39m [32mhmr update [39m[2m/src/styles/globals.css[22m
[2m10:59:10 a. m.[22m [36m[1m[vite][22m[39m [90m[2m(client)[22m[39m [32mhmr update [39m[2m/src/styles/globals.css[22m
[2m10:59:18 a. m.[22m [36m[1m[vite][22m[39m [90m[2m(client)[22m[39m [32mhmr update [39m[2m/src/styles/globals.css[22m
[2m10:59:32 a. m.[22m [36m[1m[vite][22m[39m [90m[2m(client)[22m[39m [32mhmr update [39m[2m/src/styles/globals.css, /src/pages/technician/DetalleTicket.jsx[22m
[2m11:00:00 a. m.[22m [36m[1m[vite][22m[39m [90m[2m(client)[22m[39m [32mhmr update [39m[2m/src/styles/globals.css[22m
[2m11:00:20 a. m.[22m [36m[1m[vite][22m[39m [90m[2m(client)[22m[39m [32mhmr update [39m[2m/src/styles/globals.css[22m
[2m11:00:27 a. m.[22m [36m[1m[vite][22m[39m [90m[2m(client)[22m[39m [32mhmr update [39m[2m/src/styles/globals.css[22m
[2m11:01:14 a. m.[22m [36m[1m[vite][22m[39m [90m[2m(client)[22m[39m [32mhmr update [39m[2m/src/styles/globals.css[22m
[2m11:01:19 a. m.[22m [36m[1m[vite][22m[39m [90m[2m(client)[22m[39m [32mhmr update [39m[2m/src/styles/globals.css[22m
