
> kollab-koncepts-reportes-backend@1.0.0 dev:web
> vite --host 0.0.0.0 --host 0.0.0.0


  [32m[1mVITE[22m v8.0.14[39m  [2mready in [0m[1m374[22m[2m[0m ms[22m

  [32m➜[39m  [1mLocal[22m:   [36mhttp://localhost:[1m5173[22m/[39m
  [32m➜[39m  [1mNetwork[22m: [36mhttp://192.168.0.9:[1m5173[22m/[39m
[2m8:47:00 a. m.[22m [36m[1m[vite][22m[39m [90m[2m(client)[22m[39m [32mhmr update [39m[2m/src/styles/globals.css, /src/pages/auth/ForgotPassword.jsx[22m
[2m8:47:07 a. m.[22m [36m[1m[vite][22m[39m [90m[2m(client)[22m[39m [32mhmr update [39m[2m/src/styles/globals.css[22m
[2m9:01:08 a. m.[22m [36m[1m[vite][22m[39m [90m[2m(client)[22m[39m [32mhmr update [39m[2m/src/styles/globals.css, /src/pages/client/DetalleTicket.jsx[22m
[2m9:01:24 a. m.[22m [36m[1m[vite][22m[39m [90m[2m(client)[22m[39m [32mhmr update [39m[2m/src/styles/globals.css[22m
[2m9:01:38 a. m.[22m [36m[1m[vite][22m[39m [90m[2m(client)[22m[39m [32mhmr update [39m[2m/src/styles/globals.css[22m
[2m5:48:11 p. m.[22m [36m[1m[vite][22m[39m [90m[2m(client)[22m[39m [32mpage reload [39m[2mindex.html[22m
[2m6:41:24 p. m.[22m [36m[1m[vite][22m[39m [90m[2m(client)[22m[39m [32mhmr update [39m[2m/src/styles/globals.css[22m
[2m6:41:35 p. m.[22m [36m[1m[vite][22m[39m [90m[2m(client)[22m[39m [32mhmr update [39m[2m/src/styles/globals.css[22m
[2m6:41:41 p. m.[22m [36m[1m[vite][22m[39m [90m[2m(client)[22m[39m [32mhmr update [39m[2m/src/styles/globals.css[22m
[2m6:41:49 p. m.[22m [36m[1m[vite][22m[39m [90m[2m(client)[22m[39m [32mhmr update [39m[2m/src/styles/globals.css[22m
[2m6:41:56 p. m.[22m [36m[1m[vite][22m[39m [90m[2m(client)[22m[39m [32mhmr update [39m[2m/src/styles/globals.css[22m
[2m6:42:12 p. m.[22m [36m[1m[vite][22m[39m [90m[2m(client)[22m[39m [32mhmr update [39m[2m/src/styles/globals.css[22m
[2m6:42:21 p. m.[22m [36m[1m[vite][22m[39m [90m[2m(client)[22m[39m [32mhmr update [39m[2m/src/styles/globals.css[22m
[2m6:42:28 p. m.[22m [36m[1m[vite][22m[39m [90m[2m(client)[22m[39m [32mhmr update [39m[2m/src/styles/globals.css[22m
[2m6:42:31 p. m.[22m [36m[1m[vite][22m[39m [90m[2m(client)[22m[39m [32mhmr update [39m[2m/src/styles/globals.css[22m
[2m6:42:39 p. m.[22m [36m[1m[vite][22m[39m [90m[2m(client)[22m[39m [32mhmr update [39m[2m/src/styles/globals.css[22m
[2m6:42:57 p. m.[22m [36m[1m[vite][22m[39m [90m[2m(client)[22m[39m [32mhmr update [39m[2m/src/styles/globals.css, /src/pages/client/NuevoTicket.jsx[22m
[2m6:43:19 p. m.[22m [36m[1m[vite][22m[39m [90m[2m(client)[22m[39m [32mhmr update [39m[2m/src/styles/globals.css, /src/pages/admin/Categorias.jsx[22m
[2m7:20:12 p. m.[22m [36m[1m[vite][22m[39m [90m[2m(client)[22m[39m [32mhmr update [39m[2m/src/styles/globals.css[22m
[2m7:29:12 p. m.[22m [36m[1m[vite][22m[39m [90m[2m(client)[22m[39m [32mhmr update [39m[2m/src/styles/globals.css, /src/pages/admin/Categorias.jsx, /src/pages/client/NuevoTicket.jsx[22m
[2m7:29:36 p. m.[22m [36m[1m[vite][22m[39m [90m[2m(client)[22m[39m [32mhmr update [39m[2m/src/styles/globals.css, /src/pages/admin/Categorias.jsx[22m
[2m8:13:57 p. m.[22m [36m[1m[vite][22m[39m [32m.env changed, restarting server...[39m
[2m8:13:57 p. m.[22m [36m[1m[vite][22m[39m server restarted.
[2m8:32:24 p. m.[22m [36m[1m[vite][22m[39m [90m[2m(client)[22m[39m [32mhmr update [39m[2m/src/styles/globals.css[22m
[2m8:38:22 p. m.[22m [36m[1m[vite][22m[39m [90m[2m(client)[22m[39m [32mhmr update [39m[2m/src/styles/globals.css[22m
[2m8:41:38 p. m.[22m [36m[1m[vite][22m[39m [32m.env changed, restarting server...[39m
[2m8:41:38 p. m.[22m [36m[1m[vite][22m[39m server restarted.
[2m8:53:52 p. m.[22m [36m[1m[vite][22m[39m [90m[2m(client)[22m[39m [32mhmr update [39m[2m/src/styles/globals.css, /src/contexts/AuthContext.jsx, /src/pages/auth/Register.jsx, /src/contexts/NotificationContext.jsx, /src/pages/client/Dashboard.jsx, /src/pages/client/DetalleTicket.jsx[22m
[2m8:53:52 p. m.[22m [36m[1m[vite][22m[39m [90m[2m(client)[22m[39m [33mhmr invalidate [39m[2m/src/contexts/AuthContext.jsx[22m Could not Fast Refresh ("useAuthContext" export is incompatible). Learn more at https://github.com/vitejs/vite-plugin-react/tree/main/packages/plugin-react#consistent-components-exports
[2m8:53:52 p. m.[22m [36m[1m[vite][22m[39m [90m[2m(client)[22m[39m [32mhmr update [39m[2m/src/App.jsx, /src/routes/AppRouter.jsx, /src/routes/ProtectedRoute.jsx, /src/routes/RoleRoute.jsx, /src/layouts/AppShell.jsx, /src/pages/auth/Login.jsx[22m
[2m8:53:52 p. m.[22m [36m[1m[vite][22m[39m [90m[2m(client)[22m[39m [33mhmr invalidate [39m[2m/src/contexts/NotificationContext.jsx[22m Could not Fast Refresh ("useNotificationContext" export is incompatible). Learn more at https://github.com/vitejs/vite-plugin-react/tree/main/packages/plugin-react#consistent-components-exports
[2m8:53:52 p. m.[22m [36m[1m[vite][22m[39m [90m[2m(client)[22m[39m [32mhmr update [39m[2m/src/contexts/AuthContext.jsx, /src/layouts/AppShell.jsx[22m
[2m8:53:52 p. m.[22m [36m[1m[vite][22m[39m [90m[2m(client)[22m[39m [33mhmr invalidate [39m[2m/src/contexts/AuthContext.jsx[22m Could not Fast Refresh ("useAuthContext" export is incompatible). Learn more at https://github.com/vitejs/vite-plugin-react/tree/main/packages/plugin-react#consistent-components-exports
[2m8:53:52 p. m.[22m [36m[1m[vite][22m[39m [90m[2m(client)[22m[39m [32mhmr update [39m[2m/src/App.jsx, /src/routes/AppRouter.jsx, /src/routes/ProtectedRoute.jsx, /src/routes/RoleRoute.jsx, /src/layouts/AppShell.jsx, /src/pages/auth/Login.jsx[22m
[2m8:53:59 p. m.[22m [36m[1m[vite][22m[39m [32mvite.config.js changed, restarting server...[39m
[2m8:53:59 p. m.[22m [36m[1m[vite][22m[39m server restarted.
